<?xml version="1.0" encoding="utf-8" ?>
<!DOCTYPE html PUBLIC "-//W3C//DTD XHTML 1.0 Strict//EN"
        "http://www.w3.org/TR/xhtml1/DTD/xhtml1-strict.dtd">
<html xmlns="http://www.w3.org/1999/xhtml" xml:lang="" lang="">
<head>
  <title>Test Results Report - Test</title>
  <meta http-equiv="Content-Type" content="text/html;charset=utf-8" />
  <meta name="description" content="TestNG unit test results." />
  <link href="reportng.css" rel="stylesheet" type="text/css" />
    <script type="text/javascript" src="reportng.js"></script>
</head>
<body>
<h1>Test</h1>
<p>
  Test duration: 61.966s
</p>



  <table class="resultsTable">
    <tr><th colspan="3" class="header failed">Failed Tests</th></tr>
          <tr>
        <td colspan="3" class="group">demoTestNG.TestScenario</td>
      </tr>
            
<tr>
  <td class="method">
                  first_testcase
      </td>
  <td class="duration">
    0.023s
  </td>
  <td class="result">
        
    
        

        <a href="javascript:toggleElement('exception-0', 'block')" title="Click to expand/collapse"><b>java.lang.AssertionError: expected [Hello] but found [Hello world]</b></a><br />
    <div class="stackTrace" id="exception-0">
              org.testng.Assert.fail(Assert.java:111)<br />
              org.testng.Assert.failNotEquals(Assert.java:1578)<br />
              org.testng.Assert.assertEqualsImpl(Assert.java:150)<br />
              org.testng.Assert.assertEquals(Assert.java:132)<br />
              org.testng.Assert.assertEquals(Assert.java:656)<br />
              org.testng.Assert.assertEquals(Assert.java:666)<br />
              demoTestNG.TestScenario.first_testcase(TestScenario.java:13)<br />
              java.base/jdk.internal.reflect.NativeMethodAccessorImpl.invoke0(Native Method)<br />
              java.base/jdk.internal.reflect.NativeMethodAccessorImpl.invoke(NativeMethodAccessorImpl.java:77)<br />
              java.base/jdk.internal.reflect.DelegatingMethodAccessorImpl.invoke(DelegatingMethodAccessorImpl.java:43)<br />
              java.base/java.lang.reflect.Method.invoke(Method.java:568)<br />
              org.testng.internal.invokers.MethodInvocationHelper.invokeMethod(MethodInvocationHelper.java:141)<br />
              org.testng.internal.invokers.TestInvoker.invokeMethod(TestInvoker.java:686)<br />
              org.testng.internal.invokers.TestInvoker.invokeTestMethod(TestInvoker.java:230)<br />
              org.testng.internal.invokers.MethodRunner.runInSequence(MethodRunner.java:63)<br />
              org.testng.internal.invokers.TestInvoker$MethodInvocationAgent.invoke(TestInvoker.java:992)<br />
              org.testng.internal.invokers.TestInvoker.invokeTestMethods(TestInvoker.java:203)<br />
              org.testng.internal.invokers.TestMethodWorker.invokeTestMethods(TestMethodWorker.java:154)<br />
              org.testng.internal.invokers.TestMethodWorker.run(TestMethodWorker.java:134)<br />
              java.base/java.util.ArrayList.forEach(ArrayList.java:1511)<br />
              org.testng.TestRunner.privateRun(TestRunner.java:739)<br />
              org.testng.TestRunner.run(TestRunner.java:614)<br />
              org.testng.SuiteRunner.runTest(SuiteRunner.java:421)<br />
              org.testng.SuiteRunner.runSequentially(SuiteRunner.java:413)<br />
              org.testng.SuiteRunner.privateRun(SuiteRunner.java:373)<br />
              org.testng.SuiteRunner.run(SuiteRunner.java:312)<br />
              org.testng.SuiteRunnerWorker.runSuite(SuiteRunnerWorker.java:52)<br />
              org.testng.SuiteRunnerWorker.run(SuiteRunnerWorker.java:95)<br />
              org.testng.TestNG.runSuitesSequentially(TestNG.java:1274)<br />
              org.testng.TestNG.runSuitesLocally(TestNG.java:1208)<br />
              org.testng.TestNG.runSuites(TestNG.java:1112)<br />
              org.testng.TestNG.run(TestNG.java:1079)<br />
              org.testng.remote.AbstractRemoteTestNG.run(AbstractRemoteTestNG.java:115)<br />
              org.testng.remote.RemoteTestNG.initAndRun(RemoteTestNG.java:293)<br />
              org.testng.remote.RemoteTestNG.main(RemoteTestNG.java:91)<br />
                </div>
      </td>
</tr>
<tr>
  <td class="method">
                  second_testcase
      </td>
  <td class="duration">
    0.003s
  </td>
  <td class="result">
        
    
        

        <a href="javascript:toggleElement('exception-1', 'block')" title="Click to expand/collapse"><b>java.lang.AssertionError: expected [true] but found [false]</b></a><br />
    <div class="stackTrace" id="exception-1">
              org.testng.Assert.fail(Assert.java:111)<br />
              org.testng.Assert.failNotEquals(Assert.java:1578)<br />
              org.testng.Assert.assertEqualsImpl(Assert.java:150)<br />
              org.testng.Assert.assertEquals(Assert.java:132)<br />
              org.testng.Assert.assertEquals(Assert.java:1067)<br />
              org.testng.Assert.assertEquals(Assert.java:1031)<br />
              org.testng.Assert.assertEquals(Assert.java:1077)<br />
              demoTestNG.TestScenario.second_testcase(TestScenario.java:20)<br />
              java.base/jdk.internal.reflect.NativeMethodAccessorImpl.invoke0(Native Method)<br />
              java.base/jdk.internal.reflect.NativeMethodAccessorImpl.invoke(NativeMethodAccessorImpl.java:77)<br />
              java.base/jdk.internal.reflect.DelegatingMethodAccessorImpl.invoke(DelegatingMethodAccessorImpl.java:43)<br />
              java.base/java.lang.reflect.Method.invoke(Method.java:568)<br />
              org.testng.internal.invokers.MethodInvocationHelper.invokeMethod(MethodInvocationHelper.java:141)<br />
              org.testng.internal.invokers.TestInvoker.invokeMethod(TestInvoker.java:686)<br />
              org.testng.internal.invokers.TestInvoker.invokeTestMethod(TestInvoker.java:230)<br />
              org.testng.internal.invokers.MethodRunner.runInSequence(MethodRunner.java:63)<br />
              org.testng.internal.invokers.TestInvoker$MethodInvocationAgent.invoke(TestInvoker.java:992)<br />
              org.testng.internal.invokers.TestInvoker.invokeTestMethods(TestInvoker.java:203)<br />
              org.testng.internal.invokers.TestMethodWorker.invokeTestMethods(TestMethodWorker.java:154)<br />
              org.testng.internal.invokers.TestMethodWorker.run(TestMethodWorker.java:134)<br />
              java.base/java.util.ArrayList.forEach(ArrayList.java:1511)<br />
              org.testng.TestRunner.privateRun(TestRunner.java:739)<br />
              org.testng.TestRunner.run(TestRunner.java:614)<br />
              org.testng.SuiteRunner.runTest(SuiteRunner.java:421)<br />
              org.testng.SuiteRunner.runSequentially(SuiteRunner.java:413)<br />
              org.testng.SuiteRunner.privateRun(SuiteRunner.java:373)<br />
              org.testng.SuiteRunner.run(SuiteRunner.java:312)<br />
              org.testng.SuiteRunnerWorker.runSuite(SuiteRunnerWorker.java:52)<br />
              org.testng.SuiteRunnerWorker.run(SuiteRunnerWorker.java:95)<br />
              org.testng.TestNG.runSuitesSequentially(TestNG.java:1274)<br />
              org.testng.TestNG.runSuitesLocally(TestNG.java:1208)<br />
              org.testng.TestNG.runSuites(TestNG.java:1112)<br />
              org.testng.TestNG.run(TestNG.java:1079)<br />
              org.testng.remote.AbstractRemoteTestNG.run(AbstractRemoteTestNG.java:115)<br />
              org.testng.remote.RemoteTestNG.initAndRun(RemoteTestNG.java:293)<br />
              org.testng.remote.RemoteTestNG.main(RemoteTestNG.java:91)<br />
                </div>
      </td>
</tr>
          <tr>
        <td colspan="3" class="group">demoTestNG.TestScenario4</td>
      </tr>
            
<tr>
  <td class="method">
                  second_testcase
      </td>
  <td class="duration">
    0.001s
  </td>
  <td class="result">
        
    
        

        <a href="javascript:toggleElement('exception-2', 'block')" title="Click to expand/collapse"><b>java.lang.AssertionError: expected [Hello] but found [Hello world]</b></a><br />
    <div class="stackTrace" id="exception-2">
              org.testng.Assert.fail(Assert.java:111)<br />
              org.testng.Assert.failNotEquals(Assert.java:1578)<br />
              org.testng.Assert.assertEqualsImpl(Assert.java:150)<br />
              org.testng.Assert.assertEquals(Assert.java:132)<br />
              org.testng.Assert.assertEquals(Assert.java:656)<br />
              org.testng.Assert.assertEquals(Assert.java:666)<br />
              demoTestNG.TestScenario4.second_testcase(TestScenario4.java:20)<br />
              java.base/jdk.internal.reflect.NativeMethodAccessorImpl.invoke0(Native Method)<br />
              java.base/jdk.internal.reflect.NativeMethodAccessorImpl.invoke(NativeMethodAccessorImpl.java:77)<br />
              java.base/jdk.internal.reflect.DelegatingMethodAccessorImpl.invoke(DelegatingMethodAccessorImpl.java:43)<br />
              java.base/java.lang.reflect.Method.invoke(Method.java:568)<br />
              org.testng.internal.invokers.MethodInvocationHelper.invokeMethod(MethodInvocationHelper.java:141)<br />
              org.testng.internal.invokers.TestInvoker.invokeMethod(TestInvoker.java:686)<br />
              org.testng.internal.invokers.TestInvoker.invokeTestMethod(TestInvoker.java:230)<br />
              org.testng.internal.invokers.MethodRunner.runInSequence(MethodRunner.java:63)<br />
              org.testng.internal.invokers.TestInvoker$MethodInvocationAgent.invoke(TestInvoker.java:992)<br />
              org.testng.internal.invokers.TestInvoker.invokeTestMethods(TestInvoker.java:203)<br />
              org.testng.internal.invokers.TestMethodWorker.invokeTestMethods(TestMethodWorker.java:154)<br />
              org.testng.internal.invokers.TestMethodWorker.run(TestMethodWorker.java:134)<br />
              java.base/java.util.ArrayList.forEach(ArrayList.java:1511)<br />
              org.testng.TestRunner.privateRun(TestRunner.java:739)<br />
              org.testng.TestRunner.run(TestRunner.java:614)<br />
              org.testng.SuiteRunner.runTest(SuiteRunner.java:421)<br />
              org.testng.SuiteRunner.runSequentially(SuiteRunner.java:413)<br />
              org.testng.SuiteRunner.privateRun(SuiteRunner.java:373)<br />
              org.testng.SuiteRunner.run(SuiteRunner.java:312)<br />
              org.testng.SuiteRunnerWorker.runSuite(SuiteRunnerWorker.java:52)<br />
              org.testng.SuiteRunnerWorker.run(SuiteRunnerWorker.java:95)<br />
              org.testng.TestNG.runSuitesSequentially(TestNG.java:1274)<br />
              org.testng.TestNG.runSuitesLocally(TestNG.java:1208)<br />
              org.testng.TestNG.runSuites(TestNG.java:1112)<br />
              org.testng.TestNG.run(TestNG.java:1079)<br />
              org.testng.remote.AbstractRemoteTestNG.run(AbstractRemoteTestNG.java:115)<br />
              org.testng.remote.RemoteTestNG.initAndRun(RemoteTestNG.java:293)<br />
              org.testng.remote.RemoteTestNG.main(RemoteTestNG.java:91)<br />
                </div>
      </td>
</tr>
          <tr>
        <td colspan="3" class="group">demoTestNG.TestScenario6</td>
      </tr>
            
<tr>
  <td class="method">
                  seventh_testcase
      </td>
  <td class="duration">
    0.002s
  </td>
  <td class="result">
        
    
        

        <a href="javascript:toggleElement('exception-3', 'block')" title="Click to expand/collapse"><b>java.lang.AssertionError: expected [Hello] but found [Hello world]</b></a><br />
    <div class="stackTrace" id="exception-3">
              org.testng.Assert.fail(Assert.java:111)<br />
              org.testng.Assert.failNotEquals(Assert.java:1578)<br />
              org.testng.Assert.assertEqualsImpl(Assert.java:150)<br />
              org.testng.Assert.assertEquals(Assert.java:132)<br />
              org.testng.Assert.assertEquals(Assert.java:656)<br />
              org.testng.Assert.assertEquals(Assert.java:666)<br />
              demoTestNG.TestScenario6.seventh_testcase(TestScenario6.java:56)<br />
              java.base/jdk.internal.reflect.NativeMethodAccessorImpl.invoke0(Native Method)<br />
              java.base/jdk.internal.reflect.NativeMethodAccessorImpl.invoke(NativeMethodAccessorImpl.java:77)<br />
              java.base/jdk.internal.reflect.DelegatingMethodAccessorImpl.invoke(DelegatingMethodAccessorImpl.java:43)<br />
              java.base/java.lang.reflect.Method.invoke(Method.java:568)<br />
              org.testng.internal.invokers.MethodInvocationHelper.invokeMethod(MethodInvocationHelper.java:141)<br />
              org.testng.internal.invokers.TestInvoker.invokeMethod(TestInvoker.java:686)<br />
              org.testng.internal.invokers.TestInvoker.invokeTestMethod(TestInvoker.java:230)<br />
              org.testng.internal.invokers.MethodRunner.runInSequence(MethodRunner.java:63)<br />
              org.testng.internal.invokers.TestInvoker$MethodInvocationAgent.invoke(TestInvoker.java:992)<br />
              org.testng.internal.invokers.TestInvoker.invokeTestMethods(TestInvoker.java:203)<br />
              org.testng.internal.invokers.TestMethodWorker.invokeTestMethods(TestMethodWorker.java:154)<br />
              org.testng.internal.invokers.TestMethodWorker.run(TestMethodWorker.java:134)<br />
              java.base/java.util.ArrayList.forEach(ArrayList.java:1511)<br />
              org.testng.TestRunner.privateRun(TestRunner.java:739)<br />
              org.testng.TestRunner.run(TestRunner.java:614)<br />
              org.testng.SuiteRunner.runTest(SuiteRunner.java:421)<br />
              org.testng.SuiteRunner.runSequentially(SuiteRunner.java:413)<br />
              org.testng.SuiteRunner.privateRun(SuiteRunner.java:373)<br />
              org.testng.SuiteRunner.run(SuiteRunner.java:312)<br />
              org.testng.SuiteRunnerWorker.runSuite(SuiteRunnerWorker.java:52)<br />
              org.testng.SuiteRunnerWorker.run(SuiteRunnerWorker.java:95)<br />
              org.testng.TestNG.runSuitesSequentially(TestNG.java:1274)<br />
              org.testng.TestNG.runSuitesLocally(TestNG.java:1208)<br />
              org.testng.TestNG.runSuites(TestNG.java:1112)<br />
              org.testng.TestNG.run(TestNG.java:1079)<br />
              org.testng.remote.AbstractRemoteTestNG.run(AbstractRemoteTestNG.java:115)<br />
              org.testng.remote.RemoteTestNG.initAndRun(RemoteTestNG.java:293)<br />
              org.testng.remote.RemoteTestNG.main(RemoteTestNG.java:91)<br />
                </div>
      </td>
</tr>
<tr>
  <td class="method">
                  third_testcase
      </td>
  <td class="duration">
    0.000s
  </td>
  <td class="result">
        
    
        

        <a href="javascript:toggleElement('exception-4', 'block')" title="Click to expand/collapse"><b>java.lang.AssertionError: expected [true] but found [false]</b></a><br />
    <div class="stackTrace" id="exception-4">
              org.testng.Assert.fail(Assert.java:111)<br />
              org.testng.Assert.failNotEquals(Assert.java:1578)<br />
              org.testng.Assert.assertEqualsImpl(Assert.java:150)<br />
              org.testng.Assert.assertEquals(Assert.java:132)<br />
              org.testng.Assert.assertEquals(Assert.java:1067)<br />
              org.testng.Assert.assertEquals(Assert.java:1031)<br />
              org.testng.Assert.assertEquals(Assert.java:1077)<br />
              demoTestNG.TestScenario6.third_testcase(TestScenario6.java:27)<br />
              java.base/jdk.internal.reflect.NativeMethodAccessorImpl.invoke0(Native Method)<br />
              java.base/jdk.internal.reflect.NativeMethodAccessorImpl.invoke(NativeMethodAccessorImpl.java:77)<br />
              java.base/jdk.internal.reflect.DelegatingMethodAccessorImpl.invoke(DelegatingMethodAccessorImpl.java:43)<br />
              java.base/java.lang.reflect.Method.invoke(Method.java:568)<br />
              org.testng.internal.invokers.MethodInvocationHelper.invokeMethod(MethodInvocationHelper.java:141)<br />
              org.testng.internal.invokers.TestInvoker.invokeMethod(TestInvoker.java:686)<br />
              org.testng.internal.invokers.TestInvoker.invokeTestMethod(TestInvoker.java:230)<br />
              org.testng.internal.invokers.MethodRunner.runInSequence(MethodRunner.java:63)<br />
              org.testng.internal.invokers.TestInvoker$MethodInvocationAgent.invoke(TestInvoker.java:992)<br />
              org.testng.internal.invokers.TestInvoker.invokeTestMethods(TestInvoker.java:203)<br />
              org.testng.internal.invokers.TestMethodWorker.invokeTestMethods(TestMethodWorker.java:154)<br />
              org.testng.internal.invokers.TestMethodWorker.run(TestMethodWorker.java:134)<br />
              java.base/java.util.ArrayList.forEach(ArrayList.java:1511)<br />
              org.testng.TestRunner.privateRun(TestRunner.java:739)<br />
              org.testng.TestRunner.run(TestRunner.java:614)<br />
              org.testng.SuiteRunner.runTest(SuiteRunner.java:421)<br />
              org.testng.SuiteRunner.runSequentially(SuiteRunner.java:413)<br />
              org.testng.SuiteRunner.privateRun(SuiteRunner.java:373)<br />
              org.testng.SuiteRunner.run(SuiteRunner.java:312)<br />
              org.testng.SuiteRunnerWorker.runSuite(SuiteRunnerWorker.java:52)<br />
              org.testng.SuiteRunnerWorker.run(SuiteRunnerWorker.java:95)<br />
              org.testng.TestNG.runSuitesSequentially(TestNG.java:1274)<br />
              org.testng.TestNG.runSuitesLocally(TestNG.java:1208)<br />
              org.testng.TestNG.runSuites(TestNG.java:1112)<br />
              org.testng.TestNG.run(TestNG.java:1079)<br />
              org.testng.remote.AbstractRemoteTestNG.run(AbstractRemoteTestNG.java:115)<br />
              org.testng.remote.RemoteTestNG.initAndRun(RemoteTestNG.java:293)<br />
              org.testng.remote.RemoteTestNG.main(RemoteTestNG.java:91)<br />
                </div>
      </td>
</tr>
          <tr>
        <td colspan="3" class="group">demoTestNG.TestScenario8</td>
      </tr>
            
<tr>
  <td class="method">
                  forth_testcase
      </td>
  <td class="duration">
    0.003s
  </td>
  <td class="result">
        
    
        

        <a href="javascript:toggleElement('exception-5', 'block')" title="Click to expand/collapse"><b>java.lang.AssertionError: expected [Hello] but found [Hello world]</b></a><br />
    <div class="stackTrace" id="exception-5">
              org.testng.Assert.fail(Assert.java:111)<br />
              org.testng.Assert.failNotEquals(Assert.java:1578)<br />
              org.testng.Assert.assertEqualsImpl(Assert.java:150)<br />
              org.testng.Assert.assertEquals(Assert.java:132)<br />
              org.testng.Assert.assertEquals(Assert.java:656)<br />
              org.testng.Assert.assertEquals(Assert.java:666)<br />
              demoTestNG.TestScenario8.forth_testcase(TestScenario8.java:34)<br />
              java.base/jdk.internal.reflect.NativeMethodAccessorImpl.invoke0(Native Method)<br />
              java.base/jdk.internal.reflect.NativeMethodAccessorImpl.invoke(NativeMethodAccessorImpl.java:77)<br />
              java.base/jdk.internal.reflect.DelegatingMethodAccessorImpl.invoke(DelegatingMethodAccessorImpl.java:43)<br />
              java.base/java.lang.reflect.Method.invoke(Method.java:568)<br />
              org.testng.internal.invokers.MethodInvocationHelper.invokeMethod(MethodInvocationHelper.java:141)<br />
              org.testng.internal.invokers.TestInvoker.invokeMethod(TestInvoker.java:686)<br />
              org.testng.internal.invokers.TestInvoker.invokeTestMethod(TestInvoker.java:230)<br />
              org.testng.internal.invokers.MethodRunner.runInSequence(MethodRunner.java:63)<br />
              org.testng.internal.invokers.TestInvoker$MethodInvocationAgent.invoke(TestInvoker.java:992)<br />
              org.testng.internal.invokers.TestInvoker.invokeTestMethods(TestInvoker.java:203)<br />
              org.testng.internal.invokers.TestMethodWorker.invokeTestMethods(TestMethodWorker.java:154)<br />
              org.testng.internal.invokers.TestMethodWorker.run(TestMethodWorker.java:134)<br />
              java.base/java.util.ArrayList.forEach(ArrayList.java:1511)<br />
              org.testng.TestRunner.privateRun(TestRunner.java:739)<br />
              org.testng.TestRunner.run(TestRunner.java:614)<br />
              org.testng.SuiteRunner.runTest(SuiteRunner.java:421)<br />
              org.testng.SuiteRunner.runSequentially(SuiteRunner.java:413)<br />
              org.testng.SuiteRunner.privateRun(SuiteRunner.java:373)<br />
              org.testng.SuiteRunner.run(SuiteRunner.java:312)<br />
              org.testng.SuiteRunnerWorker.runSuite(SuiteRunnerWorker.java:52)<br />
              org.testng.SuiteRunnerWorker.run(SuiteRunnerWorker.java:95)<br />
              org.testng.TestNG.runSuitesSequentially(TestNG.java:1274)<br />
              org.testng.TestNG.runSuitesLocally(TestNG.java:1208)<br />
              org.testng.TestNG.runSuites(TestNG.java:1112)<br />
              org.testng.TestNG.run(TestNG.java:1079)<br />
              org.testng.remote.AbstractRemoteTestNG.run(AbstractRemoteTestNG.java:115)<br />
              org.testng.remote.RemoteTestNG.initAndRun(RemoteTestNG.java:293)<br />
              org.testng.remote.RemoteTestNG.main(RemoteTestNG.java:91)<br />
                </div>
      </td>
</tr>
          <tr>
        <td colspan="3" class="group">org.xyz.automation.proj.FetchDataRuntime</td>
      </tr>
            
<tr>
  <td class="method">
                  validateactualvalexpval
      </td>
  <td class="duration">
    3.261s
  </td>
  <td class="result">
        
    
        

        <a href="javascript:toggleElement('exception-6', 'block')" title="Click to expand/collapse"><b>java.lang.AssertionError: The following asserts failed:<br/>
	expected [https://www.facebook.com] but found [https://www.facebook.com/]</b></a><br />
    <div class="stackTrace" id="exception-6">
              org.testng.asserts.SoftAssert.assertAll(SoftAssert.java:46)<br />
              org.testng.asserts.SoftAssert.assertAll(SoftAssert.java:30)<br />
              org.xyz.automation.proj.FetchDataRuntime.validateactualvalexpval(FetchDataRuntime.java:63)<br />
              java.base/jdk.internal.reflect.NativeMethodAccessorImpl.invoke0(Native Method)<br />
              java.base/jdk.internal.reflect.NativeMethodAccessorImpl.invoke(NativeMethodAccessorImpl.java:77)<br />
              java.base/jdk.internal.reflect.DelegatingMethodAccessorImpl.invoke(DelegatingMethodAccessorImpl.java:43)<br />
              java.base/java.lang.reflect.Method.invoke(Method.java:568)<br />
              org.testng.internal.invokers.MethodInvocationHelper.invokeMethod(MethodInvocationHelper.java:141)<br />
              org.testng.internal.invokers.TestInvoker.invokeMethod(TestInvoker.java:686)<br />
              org.testng.internal.invokers.TestInvoker.invokeTestMethod(TestInvoker.java:230)<br />
              org.testng.internal.invokers.MethodRunner.runInSequence(MethodRunner.java:63)<br />
              org.testng.internal.invokers.TestInvoker$MethodInvocationAgent.invoke(TestInvoker.java:992)<br />
              org.testng.internal.invokers.TestInvoker.invokeTestMethods(TestInvoker.java:203)<br />
              org.testng.internal.invokers.TestMethodWorker.invokeTestMethods(TestMethodWorker.java:154)<br />
              org.testng.internal.invokers.TestMethodWorker.run(TestMethodWorker.java:134)<br />
              java.base/java.util.ArrayList.forEach(ArrayList.java:1511)<br />
              org.testng.TestRunner.privateRun(TestRunner.java:739)<br />
              org.testng.TestRunner.run(TestRunner.java:614)<br />
              org.testng.SuiteRunner.runTest(SuiteRunner.java:421)<br />
              org.testng.SuiteRunner.runSequentially(SuiteRunner.java:413)<br />
              org.testng.SuiteRunner.privateRun(SuiteRunner.java:373)<br />
              org.testng.SuiteRunner.run(SuiteRunner.java:312)<br />
              org.testng.SuiteRunnerWorker.runSuite(SuiteRunnerWorker.java:52)<br />
              org.testng.SuiteRunnerWorker.run(SuiteRunnerWorker.java:95)<br />
              org.testng.TestNG.runSuitesSequentially(TestNG.java:1274)<br />
              org.testng.TestNG.runSuitesLocally(TestNG.java:1208)<br />
              org.testng.TestNG.runSuites(TestNG.java:1112)<br />
              org.testng.TestNG.run(TestNG.java:1079)<br />
              org.testng.remote.AbstractRemoteTestNG.run(AbstractRemoteTestNG.java:115)<br />
              org.testng.remote.RemoteTestNG.initAndRun(RemoteTestNG.java:293)<br />
              org.testng.remote.RemoteTestNG.main(RemoteTestNG.java:91)<br />
                </div>
      </td>
</tr>
      </table>

  <table class="resultsTable" width="100%">
    <tr><th colspan="3" class="header skipped">Skipped Tests</th></tr>
          <tr>
        <td colspan="3" class="group">demoTestNG.TestScenario6</td>
      </tr>
            
<tr>
  <td class="method">
                  forth_testcase
      </td>
  <td class="duration">
    0.000s
  </td>
  <td class="result">
                             <i>Depends on method(s): </i>
        <span class="dependency">demoTestNG.TestScenario6.third_testcase</span>
                
    
        

      </td>
</tr>
      </table>

  <table class="resultsTable">
    <tr><th colspan="3" class="header passed">Passed Tests</th></tr>
          <tr>
        <td colspan="3" class="group">demoTestNG.TestScenario</td>
      </tr>
            
<tr>
  <td class="method">
                  fifth_testcase
      </td>
  <td class="duration">
    0.017s
  </td>
  <td class="result">
        
    
        

      </td>
</tr>
<tr>
  <td class="method">
                  forth_testcase
      </td>
  <td class="duration">
    0.002s
  </td>
  <td class="result">
        
    
        

      </td>
</tr>
<tr>
  <td class="method">
                  seventh_testcase
      </td>
  <td class="duration">
    0.001s
  </td>
  <td class="result">
        
    
        

      </td>
</tr>
<tr>
  <td class="method">
                  sixth_testcase
      </td>
  <td class="duration">
    0.003s
  </td>
  <td class="result">
        
    
        

      </td>
</tr>
<tr>
  <td class="method">
                  third_testcase
      </td>
  <td class="duration">
    0.006s
  </td>
  <td class="result">
        
    
        

      </td>
</tr>
          <tr>
        <td colspan="3" class="group">demoTestNG.TestScenario10</td>
      </tr>
            
<tr>
  <td class="method">
                  fifth_testcase
      </td>
  <td class="duration">
    0.003s
  </td>
  <td class="result">
        
    
        

      </td>
</tr>
<tr>
  <td class="method">
                  first_testcase
      </td>
  <td class="duration">
    0.001s
  </td>
  <td class="result">
        
    
        

      </td>
</tr>
<tr>
  <td class="method">
                  forth_testcase
      </td>
  <td class="duration">
    0.001s
  </td>
  <td class="result">
        
    
        

      </td>
</tr>
<tr>
  <td class="method">
                  second_testcase
      </td>
  <td class="duration">
    0.001s
  </td>
  <td class="result">
        
    
        

      </td>
</tr>
<tr>
  <td class="method">
                  seventh_testcase
      </td>
  <td class="duration">
    0.002s
  </td>
  <td class="result">
        
    
        

      </td>
</tr>
<tr>
  <td class="method">
                  sixth_testcase
      </td>
  <td class="duration">
    0.003s
  </td>
  <td class="result">
        
    
        

      </td>
</tr>
<tr>
  <td class="method">
                  third_testcase
      </td>
  <td class="duration">
    0.002s
  </td>
  <td class="result">
        
    
        

      </td>
</tr>
          <tr>
        <td colspan="3" class="group">demoTestNG.TestScenario2</td>
      </tr>
            
<tr>
  <td class="method">
                  fifth_testcase
      </td>
  <td class="duration">
    0.000s
  </td>
  <td class="result">
        
    
        

      </td>
</tr>
<tr>
  <td class="method">
                  first_testcase
      </td>
  <td class="duration">
    0.000s
  </td>
  <td class="result">
        
    
        

      </td>
</tr>
<tr>
  <td class="method">
                  forth_testcase
      </td>
  <td class="duration">
    0.001s
  </td>
  <td class="result">
        
    
        

      </td>
</tr>
<tr>
  <td class="method">
                  second_testcase
      </td>
  <td class="duration">
    0.001s
  </td>
  <td class="result">
        
    
        

      </td>
</tr>
<tr>
  <td class="method">
                  seventh_testcase
      </td>
  <td class="duration">
    0.000s
  </td>
  <td class="result">
        
    
        

      </td>
</tr>
<tr>
  <td class="method">
                  sixth_testcase
      </td>
  <td class="duration">
    0.001s
  </td>
  <td class="result">
        
    
        

      </td>
</tr>
<tr>
  <td class="method">
                  third_testcase
      </td>
  <td class="duration">
    0.002s
  </td>
  <td class="result">
        
    
        

      </td>
</tr>
          <tr>
        <td colspan="3" class="group">demoTestNG.TestScenario3</td>
      </tr>
            
<tr>
  <td class="method">
                  fifth_testcase
      </td>
  <td class="duration">
    0.000s
  </td>
  <td class="result">
        
    
        

      </td>
</tr>
<tr>
  <td class="method">
                  first_testcase
      </td>
  <td class="duration">
    0.000s
  </td>
  <td class="result">
        
    
        

      </td>
</tr>
<tr>
  <td class="method">
                  forth_testcase
      </td>
  <td class="duration">
    0.001s
  </td>
  <td class="result">
        
    
        

      </td>
</tr>
<tr>
  <td class="method">
                  seventh_testcase
      </td>
  <td class="duration">
    0.000s
  </td>
  <td class="result">
        
    
        

      </td>
</tr>
<tr>
  <td class="method">
                  sixth_testcase
      </td>
  <td class="duration">
    0.000s
  </td>
  <td class="result">
        
    
        

      </td>
</tr>
<tr>
  <td class="method">
                  third_testcase
      </td>
  <td class="duration">
    0.002s
  </td>
  <td class="result">
        
    
        

      </td>
</tr>
          <tr>
        <td colspan="3" class="group">demoTestNG.TestScenario4</td>
      </tr>
            
<tr>
  <td class="method">
                  fifth_testcase
      </td>
  <td class="duration">
    0.001s
  </td>
  <td class="result">
        
    
        

      </td>
</tr>
<tr>
  <td class="method">
                  first_testcase
      </td>
  <td class="duration">
    0.001s
  </td>
  <td class="result">
        
    
        

      </td>
</tr>
<tr>
  <td class="method">
                  forth_testcase
      </td>
  <td class="duration">
    0.001s
  </td>
  <td class="result">
        
    
        

      </td>
</tr>
<tr>
  <td class="method">
                  seventh_testcase
      </td>
  <td class="duration">
    0.001s
  </td>
  <td class="result">
        
    
        

      </td>
</tr>
<tr>
  <td class="method">
                  sixth_testcase
      </td>
  <td class="duration">
    0.002s
  </td>
  <td class="result">
        
    
        

      </td>
</tr>
<tr>
  <td class="method">
                  third_testcase
      </td>
  <td class="duration">
    0.001s
  </td>
  <td class="result">
        
    
        

      </td>
</tr>
          <tr>
        <td colspan="3" class="group">demoTestNG.TestScenario5</td>
      </tr>
            
<tr>
  <td class="method">
                  fifth_testcase
      </td>
  <td class="duration">
    0.002s
  </td>
  <td class="result">
        
    
        

      </td>
</tr>
<tr>
  <td class="method">
                  first_testcase
      </td>
  <td class="duration">
    0.001s
  </td>
  <td class="result">
        
    
        

      </td>
</tr>
<tr>
  <td class="method">
                  forth_testcase
      </td>
  <td class="duration">
    0.001s
  </td>
  <td class="result">
        
    
        

      </td>
</tr>
<tr>
  <td class="method">
                  second_testcase
      </td>
  <td class="duration">
    0.001s
  </td>
  <td class="result">
        
    
        

      </td>
</tr>
<tr>
  <td class="method">
                  seventh_testcase
      </td>
  <td class="duration">
    0.002s
  </td>
  <td class="result">
        
    
        

      </td>
</tr>
<tr>
  <td class="method">
                  sixth_testcase
      </td>
  <td class="duration">
    0.002s
  </td>
  <td class="result">
        
    
        

      </td>
</tr>
<tr>
  <td class="method">
                  third_testcase
      </td>
  <td class="duration">
    0.001s
  </td>
  <td class="result">
        
    
        

      </td>
</tr>
          <tr>
        <td colspan="3" class="group">demoTestNG.TestScenario6</td>
      </tr>
            
<tr>
  <td class="method">
                  fifth_testcase
      </td>
  <td class="duration">
    0.000s
  </td>
  <td class="result">
        
    
        

      </td>
</tr>
<tr>
  <td class="method">
                  first_testcase
      </td>
  <td class="duration">
    0.000s
  </td>
  <td class="result">
        
    
        

      </td>
</tr>
<tr>
  <td class="method">
                  second_testcase
      </td>
  <td class="duration">
    0.000s
  </td>
  <td class="result">
        
    
        

      </td>
</tr>
<tr>
  <td class="method">
                  sixth_testcase
      </td>
  <td class="duration">
    0.000s
  </td>
  <td class="result">
        
    
        

      </td>
</tr>
          <tr>
        <td colspan="3" class="group">demoTestNG.TestScenario7</td>
      </tr>
            
<tr>
  <td class="method">
                  fifth_testcase
      </td>
  <td class="duration">
    0.001s
  </td>
  <td class="result">
        
    
        

      </td>
</tr>
<tr>
  <td class="method">
                  first_testcase
      </td>
  <td class="duration">
    0.001s
  </td>
  <td class="result">
        
    
        

      </td>
</tr>
<tr>
  <td class="method">
                  forth_testcase
      </td>
  <td class="duration">
    0.000s
  </td>
  <td class="result">
        
    
        

      </td>
</tr>
<tr>
  <td class="method">
                  second_testcase
      </td>
  <td class="duration">
    0.000s
  </td>
  <td class="result">
        
    
        

      </td>
</tr>
<tr>
  <td class="method">
                  seventh_testcase
      </td>
  <td class="duration">
    0.001s
  </td>
  <td class="result">
        
    
        

      </td>
</tr>
<tr>
  <td class="method">
                  sixth_testcase
      </td>
  <td class="duration">
    0.001s
  </td>
  <td class="result">
        
    
        

      </td>
</tr>
<tr>
  <td class="method">
                  third_testcase
      </td>
  <td class="duration">
    0.000s
  </td>
  <td class="result">
        
    
        

      </td>
</tr>
          <tr>
        <td colspan="3" class="group">demoTestNG.TestScenario8</td>
      </tr>
            
<tr>
  <td class="method">
                  fifth_testcase
      </td>
  <td class="duration">
    0.000s
  </td>
  <td class="result">
        
    
        

      </td>
</tr>
<tr>
  <td class="method">
                  first_testcase
      </td>
  <td class="duration">
    0.000s
  </td>
  <td class="result">
        
    
        

      </td>
</tr>
<tr>
  <td class="method">
                  second_testcase
      </td>
  <td class="duration">
    0.001s
  </td>
  <td class="result">
        
    
        

      </td>
</tr>
<tr>
  <td class="method">
                  seventh_testcase
      </td>
  <td class="duration">
    0.001s
  </td>
  <td class="result">
        
    
        

      </td>
</tr>
<tr>
  <td class="method">
                  sixth_testcase
      </td>
  <td class="duration">
    0.002s
  </td>
  <td class="result">
        
    
        

      </td>
</tr>
<tr>
  <td class="method">
                  third_testcase
      </td>
  <td class="duration">
    0.001s
  </td>
  <td class="result">
        
    
        

      </td>
</tr>
          <tr>
        <td colspan="3" class="group">demoTestNG.TestScenario9</td>
      </tr>
            
<tr>
  <td class="method">
                  fifth_testcase
      </td>
  <td class="duration">
    0.002s
  </td>
  <td class="result">
        
    
        

      </td>
</tr>
<tr>
  <td class="method">
                  first_testcase
      </td>
  <td class="duration">
    0.002s
  </td>
  <td class="result">
        
    
        

      </td>
</tr>
<tr>
  <td class="method">
                  forth_testcase
      </td>
  <td class="duration">
    0.002s
  </td>
  <td class="result">
        
    
        

      </td>
</tr>
<tr>
  <td class="method">
                  second_testcase
      </td>
  <td class="duration">
    0.002s
  </td>
  <td class="result">
        
    
        

      </td>
</tr>
<tr>
  <td class="method">
                  seventh_testcase
      </td>
  <td class="duration">
    0.002s
  </td>
  <td class="result">
        
    
        

      </td>
</tr>
<tr>
  <td class="method">
                  sixth_testcase
      </td>
  <td class="duration">
    0.001s
  </td>
  <td class="result">
        
    
        

      </td>
</tr>
<tr>
  <td class="method">
                  third_testcase
      </td>
  <td class="duration">
    0.001s
  </td>
  <td class="result">
        
    
        

      </td>
</tr>
          <tr>
        <td colspan="3" class="group">org.xyz.automation.proj.BrowserHandling</td>
      </tr>
            
<tr>
  <td class="method">
                  launchBrowser
      </td>
  <td class="duration">
    21.704s
  </td>
  <td class="result">
        
    
        

      </td>
</tr>
          <tr>
        <td colspan="3" class="group">org.xyz.automation.proj.DifferentControl</td>
      </tr>
            
<tr>
  <td class="method">
                  differentwebcontrol
      </td>
  <td class="duration">
    8.553s
  </td>
  <td class="result">
        
    
        

      </td>
</tr>
          <tr>
        <td colspan="3" class="group">org.xyz.automation.proj.FetchDataRuntime</td>
      </tr>
            
<tr>
  <td class="method">
                  testmeth
      </td>
  <td class="duration">
    0.002s
  </td>
  <td class="result">
        
    
        

      </td>
</tr>
          <tr>
        <td colspan="3" class="group">org.xyz.automation.proj.HandleKBMS_Wins</td>
      </tr>
            
<tr>
  <td class="method">
                  handleFrames
      </td>
  <td class="duration">
    19.166s
  </td>
  <td class="result">
        
    
        

      </td>
</tr>
          <tr>
        <td colspan="3" class="group">org.xyz.automation.proj.LoginScenario</td>
      </tr>
            
<tr>
  <td class="method">
                  validate_login_functionality
      </td>
  <td class="duration">
    0.616s
  </td>
  <td class="result">
        
    
        

      </td>
</tr>
<tr>
  <td class="method">
                  validate_signup_functionality
      </td>
  <td class="duration">
    1.602s
  </td>
  <td class="result">
        
    
        

      </td>
</tr>
      </table>
  
</body>
</html>
