<?xml version="1.0" encoding="UTF-8"?>
<!-- Generated by org.testng.reporters.JUnitXMLReporter -->
<testsuite ignored="4" hostname="DESKTOP-DJ4FDME" failures="7" tests="76" name="Test" time="62.268" errors="0" timestamp="2024-11-21T20:33:49 IST">
  <testcase classname="demoTestNG.TestScenario" name="fifth_testcase" time="0.017"/>
  <testcase classname="demoTestNG.TestScenario" name="first_testcase" time="0.023">
    <failure type="java.lang.AssertionError" message="expected [Hello] but found [Hello world]">
      <![CDATA[java.lang.AssertionError: expected [Hello] but found [Hello world]
at demoTestNG.TestScenario.first_testcase(TestScenario.java:13)
at java.base/java.util.ArrayList.forEach(ArrayList.java:1511)
... Removed 33 stack frames]]>
    </failure>
  </testcase> <!-- first_testcase -->
  <testcase classname="demoTestNG.TestScenario" name="forth_testcase" time="0.002"/>
  <testcase classname="demoTestNG.TestScenario" name="second_testcase" time="0.003">
    <failure type="java.lang.AssertionError" message="expected [true] but found [false]">
      <![CDATA[java.lang.AssertionError: expected [true] but found [false]
at demoTestNG.TestScenario.second_testcase(TestScenario.java:20)
at java.base/java.util.ArrayList.forEach(ArrayList.java:1511)
... Removed 34 stack frames]]>
    </failure>
  </testcase> <!-- second_testcase -->
  <testcase classname="demoTestNG.TestScenario" name="seventh_testcase" time="0.001"/>
  <testcase classname="demoTestNG.TestScenario" name="sixth_testcase" time="0.003"/>
  <testcase classname="demoTestNG.TestScenario" name="third_testcase" time="0.006"/>
  <testcase classname="org.xyz.automation.proj.LoginScenario" name="validate_login_functionality" time="0.616"/>
  <testcase classname="org.xyz.automation.proj.LoginScenario" name="validate_signup_functionality" time="1.602"/>
  <testcase classname="demoTestNG.TestScenario10" name="fifth_testcase" time="0.003"/>
  <testcase classname="demoTestNG.TestScenario10" name="first_testcase" time="0.001"/>
  <testcase classname="demoTestNG.TestScenario10" name="forth_testcase" time="0.001"/>
  <testcase classname="demoTestNG.TestScenario10" name="second_testcase" time="0.001"/>
  <testcase classname="demoTestNG.TestScenario10" name="seventh_testcase" time="0.002"/>
  <testcase classname="demoTestNG.TestScenario10" name="sixth_testcase" time="0.003"/>
  <testcase classname="demoTestNG.TestScenario10" name="third_testcase" time="0.002"/>
  <testcase classname="org.xyz.automation.proj.DifferentControl" name="differentwebcontrol" time="8.553"/>
  <testcase classname="demoTestNG.TestScenario9" name="fifth_testcase" time="0.002"/>
  <testcase classname="demoTestNG.TestScenario9" name="first_testcase" time="0.002"/>
  <testcase classname="demoTestNG.TestScenario9" name="forth_testcase" time="0.002"/>
  <testcase classname="demoTestNG.TestScenario9" name="second_testcase" time="0.002"/>
  <testcase classname="demoTestNG.TestScenario9" name="seventh_testcase" time="0.002"/>
  <testcase classname="demoTestNG.TestScenario9" name="sixth_testcase" time="0.001"/>
  <testcase classname="demoTestNG.TestScenario9" name="third_testcase" time="0.001"/>
  <testcase classname="org.xyz.automation.proj.HandleKBMS_Wins" name="handleFrames" time="19.166"/>
  <testcase classname="demoTestNG.TestScenario8" name="fifth_testcase" time="0.0"/>
  <testcase classname="demoTestNG.TestScenario8" name="first_testcase" time="0.0"/>
  <testcase classname="demoTestNG.TestScenario8" name="forth_testcase" time="0.003">
    <failure type="java.lang.AssertionError" message="expected [Hello] but found [Hello world]">
      <![CDATA[java.lang.AssertionError: expected [Hello] but found [Hello world]
at demoTestNG.TestScenario8.forth_testcase(TestScenario8.java:34)
at java.base/java.util.ArrayList.forEach(ArrayList.java:1511)
... Removed 33 stack frames]]>
    </failure>
  </testcase> <!-- forth_testcase -->
  <testcase classname="demoTestNG.TestScenario8" name="second_testcase" time="0.001"/>
  <testcase classname="demoTestNG.TestScenario8" name="seventh_testcase" time="0.001"/>
  <testcase classname="demoTestNG.TestScenario8" name="sixth_testcase" time="0.002"/>
  <testcase classname="demoTestNG.TestScenario8" name="third_testcase" time="0.001"/>
  <testcase classname="org.xyz.automation.proj.BrowserHandling" name="launchBrowser" time="21.704"/>
  <testcase classname="demoTestNG.TestScenario3" name="fifth_testcase" time="0.0"/>
  <testcase classname="demoTestNG.TestScenario3" name="first_testcase" time="0.0"/>
  <testcase classname="demoTestNG.TestScenario3" name="forth_testcase" time="0.001"/>
  <testcase classname="demoTestNG.TestScenario3" name="seventh_testcase" time="0.0"/>
  <testcase classname="demoTestNG.TestScenario3" name="sixth_testcase" time="0.0"/>
  <testcase classname="demoTestNG.TestScenario3" name="third_testcase" time="0.002"/>
  <testcase classname="demoTestNG.TestScenario2" name="fifth_testcase" time="0.0"/>
  <testcase classname="demoTestNG.TestScenario2" name="sixth_testcase" time="0.001"/>
  <testcase classname="demoTestNG.TestScenario2" name="forth_testcase" time="0.001"/>
  <testcase classname="demoTestNG.TestScenario2" name="third_testcase" time="0.002"/>
  <testcase classname="demoTestNG.TestScenario2" name="first_testcase" time="0.0"/>
  <testcase classname="demoTestNG.TestScenario2" name="second_testcase" time="0.001"/>
  <testcase classname="demoTestNG.TestScenario2" name="seventh_testcase" time="0.0"/>
  <testcase classname="demoTestNG.TestScenario7" name="fifth_testcase" time="0.001"/>
  <testcase classname="demoTestNG.TestScenario7" name="first_testcase" time="0.001"/>
  <testcase classname="demoTestNG.TestScenario7" name="forth_testcase" time="0.0"/>
  <testcase classname="demoTestNG.TestScenario7" name="second_testcase" time="0.0"/>
  <testcase classname="demoTestNG.TestScenario7" name="seventh_testcase" time="0.001"/>
  <testcase classname="demoTestNG.TestScenario7" name="sixth_testcase" time="0.001"/>
  <testcase classname="demoTestNG.TestScenario7" name="third_testcase" time="0.0"/>
  <testcase classname="demoTestNG.TestScenario6" name="fifth_testcase" time="0.0"/>
  <testcase classname="demoTestNG.TestScenario6" name="first_testcase" time="0.0"/>
  <testcase classname="demoTestNG.TestScenario6" name="second_testcase" time="0.0"/>
  <testcase classname="demoTestNG.TestScenario6" name="seventh_testcase" time="0.002">
    <failure type="java.lang.AssertionError" message="expected [Hello] but found [Hello world]">
      <![CDATA[java.lang.AssertionError: expected [Hello] but found [Hello world]
at demoTestNG.TestScenario6.seventh_testcase(TestScenario6.java:56)
at java.base/java.util.ArrayList.forEach(ArrayList.java:1511)
... Removed 33 stack frames]]>
    </failure>
  </testcase> <!-- seventh_testcase -->
  <testcase classname="demoTestNG.TestScenario6" name="sixth_testcase" time="0.0"/>
  <testcase classname="demoTestNG.TestScenario6" name="third_testcase" time="0.0">
    <failure type="java.lang.AssertionError" message="expected [true] but found [false]">
      <![CDATA[java.lang.AssertionError: expected [true] but found [false]
at demoTestNG.TestScenario6.third_testcase(TestScenario6.java:27)
at java.base/java.util.ArrayList.forEach(ArrayList.java:1511)
... Removed 34 stack frames]]>
    </failure>
  </testcase> <!-- third_testcase -->
  <testcase classname="demoTestNG.TestScenario6" name="forth_testcase" time="0.0">
    <skipped/>
  </testcase> <!-- forth_testcase -->
  <testcase classname="org.xyz.automation.proj.FetchDataRuntime" name="testmeth" time="0.002"/>
  <testcase classname="org.xyz.automation.proj.FetchDataRuntime" name="validateactualvalexpval" time="3.261">
    <failure type="java.lang.AssertionError" message="The following asserts failed:
	expected [https://www.facebook.com] but found [https://www.facebook.com/]">
      <![CDATA[java.lang.AssertionError: The following asserts failed:
expected [https://www.facebook.com] but found [https://www.facebook.com/]
at org.xyz.automation.proj.FetchDataRuntime.validateactualvalexpval(FetchDataRuntime.java:63)
at java.base/java.util.ArrayList.forEach(ArrayList.java:1511)
... Removed 29 stack frames]]>
    </failure>
  </testcase> <!-- validateactualvalexpval -->
  <testcase classname="demoTestNG.TestScenario5" name="fifth_testcase" time="0.002"/>
  <testcase classname="demoTestNG.TestScenario5" name="first_testcase" time="0.001"/>
  <testcase classname="demoTestNG.TestScenario5" name="forth_testcase" time="0.001"/>
  <testcase classname="demoTestNG.TestScenario5" name="second_testcase" time="0.001"/>
  <testcase classname="demoTestNG.TestScenario5" name="seventh_testcase" time="0.002"/>
  <testcase classname="demoTestNG.TestScenario5" name="sixth_testcase" time="0.002"/>
  <testcase classname="demoTestNG.TestScenario5" name="third_testcase" time="0.001"/>
  <testcase classname="demoTestNG.TestScenario4" name="fifth_testcase" time="0.001"/>
  <testcase classname="demoTestNG.TestScenario4" name="first_testcase" time="0.001"/>
  <testcase classname="demoTestNG.TestScenario4" name="forth_testcase" time="0.001"/>
  <testcase classname="demoTestNG.TestScenario4" name="second_testcase" time="0.001">
    <failure type="java.lang.AssertionError" message="expected [Hello] but found [Hello world]">
      <![CDATA[java.lang.AssertionError: expected [Hello] but found [Hello world]
at demoTestNG.TestScenario4.second_testcase(TestScenario4.java:20)
at java.base/java.util.ArrayList.forEach(ArrayList.java:1511)
... Removed 33 stack frames]]>
    </failure>
  </testcase> <!-- second_testcase -->
  <testcase classname="demoTestNG.TestScenario4" name="seventh_testcase" time="0.001"/>
  <testcase classname="demoTestNG.TestScenario4" name="sixth_testcase" time="0.002"/>
  <testcase classname="demoTestNG.TestScenario4" name="third_testcase" time="0.001"/>
  <testcase classname="org.xyz.automation.proj.HandleKBMS_Wins" name="handleKB" time="0.0">
    <ignored/>
  </testcase> <!-- handleKB -->
  <testcase classname="org.xyz.automation.proj.HandleKBMS_Wins" name="handleMouse" time="0.0">
    <ignored/>
  </testcase> <!-- handleMouse -->
  <testcase classname="demoTestNG.TestScenario3" name="second_testcase" time="0.0">
    <ignored/>
  </testcase> <!-- second_testcase -->
  <testcase classname="org.xyz.automation.proj.HandleKBMS_Wins" name="handleAlerts" time="0.0">
    <ignored/>
  </testcase> <!-- handleAlerts -->
</testsuite> <!-- Test -->
