<html>
<head>
<title>TestNG:  Test</title>
<link href="../testng.css" rel="stylesheet" type="text/css" />
<link href="../my-testng.css" rel="stylesheet" type="text/css" />

<style type="text/css">
.log { display: none;} 
.stack-trace { display: none;} 
</style>
<script type="text/javascript">
<!--
function flip(e) {
  current = e.style.display;
  if (current == 'block') {
    e.style.display = 'none';
    return 0;
  }
  else {
    e.style.display = 'block';
    return 1;
  }
}

function toggleBox(szDivId, elem, msg1, msg2)
{
  var res = -1;  if (document.getElementById) {
    res = flip(document.getElementById(szDivId));
  }
  else if (document.all) {
    // this is the way old msie versions work
    res = flip(document.all[szDivId]);
  }
  if(elem) {
    if(res == 0) elem.innerHTML = msg1; else elem.innerHTML = msg2;
  }

}

function toggleAllBoxes() {
  if (document.getElementsByTagName) {
    d = document.getElementsByTagName('div');
    for (i = 0; i < d.length; i++) {
      if (d[i].className == 'log') {
        flip(d[i]);
      }
    }
  }
}

// -->
</script>

</head>
<body>
<h2 align='center'>Test</h2><table border='1' align="center">
<tr>
<td>Tests passed/Failed/Skipped:</td><td>68/7/1</td>
</tr><tr>
<td>Started on:</td><td>Thu Nov 21 20:32:47 IST 2024</td>
</tr>
<tr><td>Total time:</td><td>62 seconds (62268 ms)</td>
</tr><tr>
<td>Included groups:</td><td></td>
</tr><tr>
<td>Excluded groups:</td><td></td>
</tr>
</table><p/>
<small><i>(Hover the method name to see the test class name)</i></small><p/>
<table width='100%' border='1' class='invocation-failed'>
<tr><td colspan='4' align='center'><b>FAILED TESTS</b></td></tr>
<tr><td><b>Test method</b></td>
<td><b>Attribute(s)</b></td>
<td width="30%"><b>Exception</b></td>
<td width="10%"><b>Time (seconds)</b></td>
<td><b>Instance</b></td>
</tr>
<tr>
<td title='demoTestNG.TestScenario.second_testcase()'><b>second_testcase</b><br>Test class: demoTestNG.TestScenario</td>
<td><div><pre>java.lang.AssertionError: expected [true] but found [false]
	at demoTestNG.TestScenario.second_testcase(TestScenario.java:20)
	at java.base/java.util.ArrayList.forEach(ArrayList.java:1511)
... Removed 34 stack frames</pre></div><a href='#' onClick='toggleBox("stack-trace895599632", this, "Click to show all stack frames", "Click to hide stack frames")'>Click to show all stack frames</a>
<div class='stack-trace' id='stack-trace895599632'><pre>java.lang.AssertionError: expected [true] but found [false]
	at org.testng.Assert.fail(Assert.java:111)
	at org.testng.Assert.failNotEquals(Assert.java:1578)
	at org.testng.Assert.assertEqualsImpl(Assert.java:150)
	at org.testng.Assert.assertEquals(Assert.java:132)
	at org.testng.Assert.assertEquals(Assert.java:1067)
	at org.testng.Assert.assertEquals(Assert.java:1031)
	at org.testng.Assert.assertEquals(Assert.java:1077)
	at demoTestNG.TestScenario.second_testcase(TestScenario.java:20)
	at java.base/jdk.internal.reflect.NativeMethodAccessorImpl.invoke0(Native Method)
	at java.base/jdk.internal.reflect.NativeMethodAccessorImpl.invoke(NativeMethodAccessorImpl.java:77)
	at java.base/jdk.internal.reflect.DelegatingMethodAccessorImpl.invoke(DelegatingMethodAccessorImpl.java:43)
	at java.base/java.lang.reflect.Method.invoke(Method.java:568)
	at org.testng.internal.invokers.MethodInvocationHelper.invokeMethod(MethodInvocationHelper.java:141)
	at org.testng.internal.invokers.TestInvoker.invokeMethod(TestInvoker.java:686)
	at org.testng.internal.invokers.TestInvoker.invokeTestMethod(TestInvoker.java:230)
	at org.testng.internal.invokers.MethodRunner.runInSequence(MethodRunner.java:63)
	at org.testng.internal.invokers.TestInvoker$MethodInvocationAgent.invoke(TestInvoker.java:992)
	at org.testng.internal.invokers.TestInvoker.invokeTestMethods(TestInvoker.java:203)
	at org.testng.internal.invokers.TestMethodWorker.invokeTestMethods(TestMethodWorker.java:154)
	at org.testng.internal.invokers.TestMethodWorker.run(TestMethodWorker.java:134)
	at java.base/java.util.ArrayList.forEach(ArrayList.java:1511)
	at org.testng.TestRunner.privateRun(TestRunner.java:739)
	at org.testng.TestRunner.run(TestRunner.java:614)
	at org.testng.SuiteRunner.runTest(SuiteRunner.java:421)
	at org.testng.SuiteRunner.runSequentially(SuiteRunner.java:413)
	at org.testng.SuiteRunner.privateRun(SuiteRunner.java:373)
	at org.testng.SuiteRunner.run(SuiteRunner.java:312)
	at org.testng.SuiteRunnerWorker.runSuite(SuiteRunnerWorker.java:52)
	at org.testng.SuiteRunnerWorker.run(SuiteRunnerWorker.java:95)
	at org.testng.TestNG.runSuitesSequentially(TestNG.java:1274)
	at org.testng.TestNG.runSuitesLocally(TestNG.java:1208)
	at org.testng.TestNG.runSuites(TestNG.java:1112)
	at org.testng.TestNG.run(TestNG.java:1079)
	at org.testng.remote.AbstractRemoteTestNG.run(AbstractRemoteTestNG.java:115)
	at org.testng.remote.RemoteTestNG.initAndRun(RemoteTestNG.java:293)
	at org.testng.remote.RemoteTestNG.main(RemoteTestNG.java:91)
</pre></div></td>
<td>0</td>
<td>demoTestNG.TestScenario@9816741</td></tr>
<tr>
<td title='org.xyz.automation.proj.FetchDataRuntime.validateactualvalexpval()'><b>validateactualvalexpval</b><br>Test class: org.xyz.automation.proj.FetchDataRuntime</td>
<td><div><pre>java.lang.AssertionError: The following asserts failed:
	expected [https://www.facebook.com] but found [https://www.facebook.com/]
	at org.xyz.automation.proj.FetchDataRuntime.validateactualvalexpval(FetchDataRuntime.java:63)
	at java.base/java.util.ArrayList.forEach(ArrayList.java:1511)
... Removed 29 stack frames</pre></div><a href='#' onClick='toggleBox("stack-trace596299019", this, "Click to show all stack frames", "Click to hide stack frames")'>Click to show all stack frames</a>
<div class='stack-trace' id='stack-trace596299019'><pre>java.lang.AssertionError: The following asserts failed:
	expected [https://www.facebook.com] but found [https://www.facebook.com/]
	at org.testng.asserts.SoftAssert.assertAll(SoftAssert.java:46)
	at org.testng.asserts.SoftAssert.assertAll(SoftAssert.java:30)
	at org.xyz.automation.proj.FetchDataRuntime.validateactualvalexpval(FetchDataRuntime.java:63)
	at java.base/jdk.internal.reflect.NativeMethodAccessorImpl.invoke0(Native Method)
	at java.base/jdk.internal.reflect.NativeMethodAccessorImpl.invoke(NativeMethodAccessorImpl.java:77)
	at java.base/jdk.internal.reflect.DelegatingMethodAccessorImpl.invoke(DelegatingMethodAccessorImpl.java:43)
	at java.base/java.lang.reflect.Method.invoke(Method.java:568)
	at org.testng.internal.invokers.MethodInvocationHelper.invokeMethod(MethodInvocationHelper.java:141)
	at org.testng.internal.invokers.TestInvoker.invokeMethod(TestInvoker.java:686)
	at org.testng.internal.invokers.TestInvoker.invokeTestMethod(TestInvoker.java:230)
	at org.testng.internal.invokers.MethodRunner.runInSequence(MethodRunner.java:63)
	at org.testng.internal.invokers.TestInvoker$MethodInvocationAgent.invoke(TestInvoker.java:992)
	at org.testng.internal.invokers.TestInvoker.invokeTestMethods(TestInvoker.java:203)
	at org.testng.internal.invokers.TestMethodWorker.invokeTestMethods(TestMethodWorker.java:154)
	at org.testng.internal.invokers.TestMethodWorker.run(TestMethodWorker.java:134)
	at java.base/java.util.ArrayList.forEach(ArrayList.java:1511)
	at org.testng.TestRunner.privateRun(TestRunner.java:739)
	at org.testng.TestRunner.run(TestRunner.java:614)
	at org.testng.SuiteRunner.runTest(SuiteRunner.java:421)
	at org.testng.SuiteRunner.runSequentially(SuiteRunner.java:413)
	at org.testng.SuiteRunner.privateRun(SuiteRunner.java:373)
	at org.testng.SuiteRunner.run(SuiteRunner.java:312)
	at org.testng.SuiteRunnerWorker.runSuite(SuiteRunnerWorker.java:52)
	at org.testng.SuiteRunnerWorker.run(SuiteRunnerWorker.java:95)
	at org.testng.TestNG.runSuitesSequentially(TestNG.java:1274)
	at org.testng.TestNG.runSuitesLocally(TestNG.java:1208)
	at org.testng.TestNG.runSuites(TestNG.java:1112)
	at org.testng.TestNG.run(TestNG.java:1079)
	at org.testng.remote.AbstractRemoteTestNG.run(AbstractRemoteTestNG.java:115)
	at org.testng.remote.RemoteTestNG.initAndRun(RemoteTestNG.java:293)
	at org.testng.remote.RemoteTestNG.main(RemoteTestNG.java:91)
</pre></div></td>
<td>3</td>
<td>org.xyz.automation.proj.FetchDataRuntime@4b86805d</td></tr>
<tr>
<td title='demoTestNG.TestScenario4.second_testcase()'><b>second_testcase</b><br>Test class: demoTestNG.TestScenario4</td>
<td><div><pre>java.lang.AssertionError: expected [Hello] but found [Hello world]
	at demoTestNG.TestScenario4.second_testcase(TestScenario4.java:20)
	at java.base/java.util.ArrayList.forEach(ArrayList.java:1511)
... Removed 33 stack frames</pre></div><a href='#' onClick='toggleBox("stack-trace633683828", this, "Click to show all stack frames", "Click to hide stack frames")'>Click to show all stack frames</a>
<div class='stack-trace' id='stack-trace633683828'><pre>java.lang.AssertionError: expected [Hello] but found [Hello world]
	at org.testng.Assert.fail(Assert.java:111)
	at org.testng.Assert.failNotEquals(Assert.java:1578)
	at org.testng.Assert.assertEqualsImpl(Assert.java:150)
	at org.testng.Assert.assertEquals(Assert.java:132)
	at org.testng.Assert.assertEquals(Assert.java:656)
	at org.testng.Assert.assertEquals(Assert.java:666)
	at demoTestNG.TestScenario4.second_testcase(TestScenario4.java:20)
	at java.base/jdk.internal.reflect.NativeMethodAccessorImpl.invoke0(Native Method)
	at java.base/jdk.internal.reflect.NativeMethodAccessorImpl.invoke(NativeMethodAccessorImpl.java:77)
	at java.base/jdk.internal.reflect.DelegatingMethodAccessorImpl.invoke(DelegatingMethodAccessorImpl.java:43)
	at java.base/java.lang.reflect.Method.invoke(Method.java:568)
	at org.testng.internal.invokers.MethodInvocationHelper.invokeMethod(MethodInvocationHelper.java:141)
	at org.testng.internal.invokers.TestInvoker.invokeMethod(TestInvoker.java:686)
	at org.testng.internal.invokers.TestInvoker.invokeTestMethod(TestInvoker.java:230)
	at org.testng.internal.invokers.MethodRunner.runInSequence(MethodRunner.java:63)
	at org.testng.internal.invokers.TestInvoker$MethodInvocationAgent.invoke(TestInvoker.java:992)
	at org.testng.internal.invokers.TestInvoker.invokeTestMethods(TestInvoker.java:203)
	at org.testng.internal.invokers.TestMethodWorker.invokeTestMethods(TestMethodWorker.java:154)
	at org.testng.internal.invokers.TestMethodWorker.run(TestMethodWorker.java:134)
	at java.base/java.util.ArrayList.forEach(ArrayList.java:1511)
	at org.testng.TestRunner.privateRun(TestRunner.java:739)
	at org.testng.TestRunner.run(TestRunner.java:614)
	at org.testng.SuiteRunner.runTest(SuiteRunner.java:421)
	at org.testng.SuiteRunner.runSequentially(SuiteRunner.java:413)
	at org.testng.SuiteRunner.privateRun(SuiteRunner.java:373)
	at org.testng.SuiteRunner.run(SuiteRunner.java:312)
	at org.testng.SuiteRunnerWorker.runSuite(SuiteRunnerWorker.java:52)
	at org.testng.SuiteRunnerWorker.run(SuiteRunnerWorker.java:95)
	at org.testng.TestNG.runSuitesSequentially(TestNG.java:1274)
	at org.testng.TestNG.runSuitesLocally(TestNG.java:1208)
	at org.testng.TestNG.runSuites(TestNG.java:1112)
	at org.testng.TestNG.run(TestNG.java:1079)
	at org.testng.remote.AbstractRemoteTestNG.run(AbstractRemoteTestNG.java:115)
	at org.testng.remote.RemoteTestNG.initAndRun(RemoteTestNG.java:293)
	at org.testng.remote.RemoteTestNG.main(RemoteTestNG.java:91)
</pre></div></td>
<td>0</td>
<td>demoTestNG.TestScenario4@4149c063</td></tr>
<tr>
<td title='demoTestNG.TestScenario6.third_testcase()'><b>third_testcase</b><br>Test class: demoTestNG.TestScenario6</td>
<td><div><pre>java.lang.AssertionError: expected [true] but found [false]
	at demoTestNG.TestScenario6.third_testcase(TestScenario6.java:27)
	at java.base/java.util.ArrayList.forEach(ArrayList.java:1511)
... Removed 34 stack frames</pre></div><a href='#' onClick='toggleBox("stack-trace1740797856", this, "Click to show all stack frames", "Click to hide stack frames")'>Click to show all stack frames</a>
<div class='stack-trace' id='stack-trace1740797856'><pre>java.lang.AssertionError: expected [true] but found [false]
	at org.testng.Assert.fail(Assert.java:111)
	at org.testng.Assert.failNotEquals(Assert.java:1578)
	at org.testng.Assert.assertEqualsImpl(Assert.java:150)
	at org.testng.Assert.assertEquals(Assert.java:132)
	at org.testng.Assert.assertEquals(Assert.java:1067)
	at org.testng.Assert.assertEquals(Assert.java:1031)
	at org.testng.Assert.assertEquals(Assert.java:1077)
	at demoTestNG.TestScenario6.third_testcase(TestScenario6.java:27)
	at java.base/jdk.internal.reflect.NativeMethodAccessorImpl.invoke0(Native Method)
	at java.base/jdk.internal.reflect.NativeMethodAccessorImpl.invoke(NativeMethodAccessorImpl.java:77)
	at java.base/jdk.internal.reflect.DelegatingMethodAccessorImpl.invoke(DelegatingMethodAccessorImpl.java:43)
	at java.base/java.lang.reflect.Method.invoke(Method.java:568)
	at org.testng.internal.invokers.MethodInvocationHelper.invokeMethod(MethodInvocationHelper.java:141)
	at org.testng.internal.invokers.TestInvoker.invokeMethod(TestInvoker.java:686)
	at org.testng.internal.invokers.TestInvoker.invokeTestMethod(TestInvoker.java:230)
	at org.testng.internal.invokers.MethodRunner.runInSequence(MethodRunner.java:63)
	at org.testng.internal.invokers.TestInvoker$MethodInvocationAgent.invoke(TestInvoker.java:992)
	at org.testng.internal.invokers.TestInvoker.invokeTestMethods(TestInvoker.java:203)
	at org.testng.internal.invokers.TestMethodWorker.invokeTestMethods(TestMethodWorker.java:154)
	at org.testng.internal.invokers.TestMethodWorker.run(TestMethodWorker.java:134)
	at java.base/java.util.ArrayList.forEach(ArrayList.java:1511)
	at org.testng.TestRunner.privateRun(TestRunner.java:739)
	at org.testng.TestRunner.run(TestRunner.java:614)
	at org.testng.SuiteRunner.runTest(SuiteRunner.java:421)
	at org.testng.SuiteRunner.runSequentially(SuiteRunner.java:413)
	at org.testng.SuiteRunner.privateRun(SuiteRunner.java:373)
	at org.testng.SuiteRunner.run(SuiteRunner.java:312)
	at org.testng.SuiteRunnerWorker.runSuite(SuiteRunnerWorker.java:52)
	at org.testng.SuiteRunnerWorker.run(SuiteRunnerWorker.java:95)
	at org.testng.TestNG.runSuitesSequentially(TestNG.java:1274)
	at org.testng.TestNG.runSuitesLocally(TestNG.java:1208)
	at org.testng.TestNG.runSuites(TestNG.java:1112)
	at org.testng.TestNG.run(TestNG.java:1079)
	at org.testng.remote.AbstractRemoteTestNG.run(AbstractRemoteTestNG.java:115)
	at org.testng.remote.RemoteTestNG.initAndRun(RemoteTestNG.java:293)
	at org.testng.remote.RemoteTestNG.main(RemoteTestNG.java:91)
</pre></div></td>
<td>0</td>
<td>demoTestNG.TestScenario6@238d68ff</td></tr>
<tr>
<td title='demoTestNG.TestScenario8.forth_testcase()'><b>forth_testcase</b><br>Test class: demoTestNG.TestScenario8</td>
<td><div><pre>java.lang.AssertionError: expected [Hello] but found [Hello world]
	at demoTestNG.TestScenario8.forth_testcase(TestScenario8.java:34)
	at java.base/java.util.ArrayList.forEach(ArrayList.java:1511)
... Removed 33 stack frames</pre></div><a href='#' onClick='toggleBox("stack-trace939391749", this, "Click to show all stack frames", "Click to hide stack frames")'>Click to show all stack frames</a>
<div class='stack-trace' id='stack-trace939391749'><pre>java.lang.AssertionError: expected [Hello] but found [Hello world]
	at org.testng.Assert.fail(Assert.java:111)
	at org.testng.Assert.failNotEquals(Assert.java:1578)
	at org.testng.Assert.assertEqualsImpl(Assert.java:150)
	at org.testng.Assert.assertEquals(Assert.java:132)
	at org.testng.Assert.assertEquals(Assert.java:656)
	at org.testng.Assert.assertEquals(Assert.java:666)
	at demoTestNG.TestScenario8.forth_testcase(TestScenario8.java:34)
	at java.base/jdk.internal.reflect.NativeMethodAccessorImpl.invoke0(Native Method)
	at java.base/jdk.internal.reflect.NativeMethodAccessorImpl.invoke(NativeMethodAccessorImpl.java:77)
	at java.base/jdk.internal.reflect.DelegatingMethodAccessorImpl.invoke(DelegatingMethodAccessorImpl.java:43)
	at java.base/java.lang.reflect.Method.invoke(Method.java:568)
	at org.testng.internal.invokers.MethodInvocationHelper.invokeMethod(MethodInvocationHelper.java:141)
	at org.testng.internal.invokers.TestInvoker.invokeMethod(TestInvoker.java:686)
	at org.testng.internal.invokers.TestInvoker.invokeTestMethod(TestInvoker.java:230)
	at org.testng.internal.invokers.MethodRunner.runInSequence(MethodRunner.java:63)
	at org.testng.internal.invokers.TestInvoker$MethodInvocationAgent.invoke(TestInvoker.java:992)
	at org.testng.internal.invokers.TestInvoker.invokeTestMethods(TestInvoker.java:203)
	at org.testng.internal.invokers.TestMethodWorker.invokeTestMethods(TestMethodWorker.java:154)
	at org.testng.internal.invokers.TestMethodWorker.run(TestMethodWorker.java:134)
	at java.base/java.util.ArrayList.forEach(ArrayList.java:1511)
	at org.testng.TestRunner.privateRun(TestRunner.java:739)
	at org.testng.TestRunner.run(TestRunner.java:614)
	at org.testng.SuiteRunner.runTest(SuiteRunner.java:421)
	at org.testng.SuiteRunner.runSequentially(SuiteRunner.java:413)
	at org.testng.SuiteRunner.privateRun(SuiteRunner.java:373)
	at org.testng.SuiteRunner.run(SuiteRunner.java:312)
	at org.testng.SuiteRunnerWorker.runSuite(SuiteRunnerWorker.java:52)
	at org.testng.SuiteRunnerWorker.run(SuiteRunnerWorker.java:95)
	at org.testng.TestNG.runSuitesSequentially(TestNG.java:1274)
	at org.testng.TestNG.runSuitesLocally(TestNG.java:1208)
	at org.testng.TestNG.runSuites(TestNG.java:1112)
	at org.testng.TestNG.run(TestNG.java:1079)
	at org.testng.remote.AbstractRemoteTestNG.run(AbstractRemoteTestNG.java:115)
	at org.testng.remote.RemoteTestNG.initAndRun(RemoteTestNG.java:293)
	at org.testng.remote.RemoteTestNG.main(RemoteTestNG.java:91)
</pre></div></td>
<td>0</td>
<td>demoTestNG.TestScenario8@78fa769e</td></tr>
<tr>
<td title='demoTestNG.TestScenario.first_testcase()'><b>first_testcase</b><br>Test class: demoTestNG.TestScenario</td>
<td><div><pre>java.lang.AssertionError: expected [Hello] but found [Hello world]
	at demoTestNG.TestScenario.first_testcase(TestScenario.java:13)
	at java.base/java.util.ArrayList.forEach(ArrayList.java:1511)
... Removed 33 stack frames</pre></div><a href='#' onClick='toggleBox("stack-trace35984028", this, "Click to show all stack frames", "Click to hide stack frames")'>Click to show all stack frames</a>
<div class='stack-trace' id='stack-trace35984028'><pre>java.lang.AssertionError: expected [Hello] but found [Hello world]
	at org.testng.Assert.fail(Assert.java:111)
	at org.testng.Assert.failNotEquals(Assert.java:1578)
	at org.testng.Assert.assertEqualsImpl(Assert.java:150)
	at org.testng.Assert.assertEquals(Assert.java:132)
	at org.testng.Assert.assertEquals(Assert.java:656)
	at org.testng.Assert.assertEquals(Assert.java:666)
	at demoTestNG.TestScenario.first_testcase(TestScenario.java:13)
	at java.base/jdk.internal.reflect.NativeMethodAccessorImpl.invoke0(Native Method)
	at java.base/jdk.internal.reflect.NativeMethodAccessorImpl.invoke(NativeMethodAccessorImpl.java:77)
	at java.base/jdk.internal.reflect.DelegatingMethodAccessorImpl.invoke(DelegatingMethodAccessorImpl.java:43)
	at java.base/java.lang.reflect.Method.invoke(Method.java:568)
	at org.testng.internal.invokers.MethodInvocationHelper.invokeMethod(MethodInvocationHelper.java:141)
	at org.testng.internal.invokers.TestInvoker.invokeMethod(TestInvoker.java:686)
	at org.testng.internal.invokers.TestInvoker.invokeTestMethod(TestInvoker.java:230)
	at org.testng.internal.invokers.MethodRunner.runInSequence(MethodRunner.java:63)
	at org.testng.internal.invokers.TestInvoker$MethodInvocationAgent.invoke(TestInvoker.java:992)
	at org.testng.internal.invokers.TestInvoker.invokeTestMethods(TestInvoker.java:203)
	at org.testng.internal.invokers.TestMethodWorker.invokeTestMethods(TestMethodWorker.java:154)
	at org.testng.internal.invokers.TestMethodWorker.run(TestMethodWorker.java:134)
	at java.base/java.util.ArrayList.forEach(ArrayList.java:1511)
	at org.testng.TestRunner.privateRun(TestRunner.java:739)
	at org.testng.TestRunner.run(TestRunner.java:614)
	at org.testng.SuiteRunner.runTest(SuiteRunner.java:421)
	at org.testng.SuiteRunner.runSequentially(SuiteRunner.java:413)
	at org.testng.SuiteRunner.privateRun(SuiteRunner.java:373)
	at org.testng.SuiteRunner.run(SuiteRunner.java:312)
	at org.testng.SuiteRunnerWorker.runSuite(SuiteRunnerWorker.java:52)
	at org.testng.SuiteRunnerWorker.run(SuiteRunnerWorker.java:95)
	at org.testng.TestNG.runSuitesSequentially(TestNG.java:1274)
	at org.testng.TestNG.runSuitesLocally(TestNG.java:1208)
	at org.testng.TestNG.runSuites(TestNG.java:1112)
	at org.testng.TestNG.run(TestNG.java:1079)
	at org.testng.remote.AbstractRemoteTestNG.run(AbstractRemoteTestNG.java:115)
	at org.testng.remote.RemoteTestNG.initAndRun(RemoteTestNG.java:293)
	at org.testng.remote.RemoteTestNG.main(RemoteTestNG.java:91)
</pre></div></td>
<td>0</td>
<td>demoTestNG.TestScenario@9816741</td></tr>
<tr>
<td title='demoTestNG.TestScenario6.seventh_testcase()'><b>seventh_testcase</b><br>Test class: demoTestNG.TestScenario6</td>
<td><div><pre>java.lang.AssertionError: expected [Hello] but found [Hello world]
	at demoTestNG.TestScenario6.seventh_testcase(TestScenario6.java:56)
	at java.base/java.util.ArrayList.forEach(ArrayList.java:1511)
... Removed 33 stack frames</pre></div><a href='#' onClick='toggleBox("stack-trace525527919", this, "Click to show all stack frames", "Click to hide stack frames")'>Click to show all stack frames</a>
<div class='stack-trace' id='stack-trace525527919'><pre>java.lang.AssertionError: expected [Hello] but found [Hello world]
	at org.testng.Assert.fail(Assert.java:111)
	at org.testng.Assert.failNotEquals(Assert.java:1578)
	at org.testng.Assert.assertEqualsImpl(Assert.java:150)
	at org.testng.Assert.assertEquals(Assert.java:132)
	at org.testng.Assert.assertEquals(Assert.java:656)
	at org.testng.Assert.assertEquals(Assert.java:666)
	at demoTestNG.TestScenario6.seventh_testcase(TestScenario6.java:56)
	at java.base/jdk.internal.reflect.NativeMethodAccessorImpl.invoke0(Native Method)
	at java.base/jdk.internal.reflect.NativeMethodAccessorImpl.invoke(NativeMethodAccessorImpl.java:77)
	at java.base/jdk.internal.reflect.DelegatingMethodAccessorImpl.invoke(DelegatingMethodAccessorImpl.java:43)
	at java.base/java.lang.reflect.Method.invoke(Method.java:568)
	at org.testng.internal.invokers.MethodInvocationHelper.invokeMethod(MethodInvocationHelper.java:141)
	at org.testng.internal.invokers.TestInvoker.invokeMethod(TestInvoker.java:686)
	at org.testng.internal.invokers.TestInvoker.invokeTestMethod(TestInvoker.java:230)
	at org.testng.internal.invokers.MethodRunner.runInSequence(MethodRunner.java:63)
	at org.testng.internal.invokers.TestInvoker$MethodInvocationAgent.invoke(TestInvoker.java:992)
	at org.testng.internal.invokers.TestInvoker.invokeTestMethods(TestInvoker.java:203)
	at org.testng.internal.invokers.TestMethodWorker.invokeTestMethods(TestMethodWorker.java:154)
	at org.testng.internal.invokers.TestMethodWorker.run(TestMethodWorker.java:134)
	at java.base/java.util.ArrayList.forEach(ArrayList.java:1511)
	at org.testng.TestRunner.privateRun(TestRunner.java:739)
	at org.testng.TestRunner.run(TestRunner.java:614)
	at org.testng.SuiteRunner.runTest(SuiteRunner.java:421)
	at org.testng.SuiteRunner.runSequentially(SuiteRunner.java:413)
	at org.testng.SuiteRunner.privateRun(SuiteRunner.java:373)
	at org.testng.SuiteRunner.run(SuiteRunner.java:312)
	at org.testng.SuiteRunnerWorker.runSuite(SuiteRunnerWorker.java:52)
	at org.testng.SuiteRunnerWorker.run(SuiteRunnerWorker.java:95)
	at org.testng.TestNG.runSuitesSequentially(TestNG.java:1274)
	at org.testng.TestNG.runSuitesLocally(TestNG.java:1208)
	at org.testng.TestNG.runSuites(TestNG.java:1112)
	at org.testng.TestNG.run(TestNG.java:1079)
	at org.testng.remote.AbstractRemoteTestNG.run(AbstractRemoteTestNG.java:115)
	at org.testng.remote.RemoteTestNG.initAndRun(RemoteTestNG.java:293)
	at org.testng.remote.RemoteTestNG.main(RemoteTestNG.java:91)
</pre></div></td>
<td>0</td>
<td>demoTestNG.TestScenario6@238d68ff</td></tr>
</table><p>
<table width='100%' border='1' class='invocation-passed'>
<tr><td colspan='4' align='center'><b>PASSED TESTS</b></td></tr>
<tr><td><b>Test method</b></td>
<td><b>Attribute(s)</b></td>
<td width="30%"><b>Exception</b></td>
<td width="10%"><b>Time (seconds)</b></td>
<td><b>Instance</b></td>
</tr>
<tr>
<td title='demoTestNG.TestScenario5.forth_testcase()'><b>forth_testcase</b><br>Test class: demoTestNG.TestScenario5</td>
<td></td>
<td>0</td>
<td>demoTestNG.TestScenario5@5852c06f</td></tr>
<tr>
<td title='demoTestNG.TestScenario.seventh_testcase()'><b>seventh_testcase</b><br>Test class: demoTestNG.TestScenario</td>
<td></td>
<td>0</td>
<td>demoTestNG.TestScenario@9816741</td></tr>
<tr>
<td title='demoTestNG.TestScenario2.third_testcase()'><b>third_testcase</b><br>Test class: demoTestNG.TestScenario2</td>
<td></td>
<td>0</td>
<td>demoTestNG.TestScenario2@2c78324b</td></tr>
<tr>
<td title='demoTestNG.TestScenario2.second_testcase()'><b>second_testcase</b><br>Test class: demoTestNG.TestScenario2</td>
<td></td>
<td>0</td>
<td>demoTestNG.TestScenario2@2c78324b</td></tr>
<tr>
<td title='demoTestNG.TestScenario10.first_testcase()'><b>first_testcase</b><br>Test class: demoTestNG.TestScenario10</td>
<td></td>
<td>0</td>
<td>demoTestNG.TestScenario10@2eea88a1</td></tr>
<tr>
<td title='demoTestNG.TestScenario9.first_testcase()'><b>first_testcase</b><br>Test class: demoTestNG.TestScenario9</td>
<td></td>
<td>0</td>
<td>demoTestNG.TestScenario9@7fd7a283</td></tr>
<tr>
<td title='demoTestNG.TestScenario9.third_testcase()'><b>third_testcase</b><br>Test class: demoTestNG.TestScenario9</td>
<td></td>
<td>0</td>
<td>demoTestNG.TestScenario9@7fd7a283</td></tr>
<tr>
<td title='demoTestNG.TestScenario5.seventh_testcase()'><b>seventh_testcase</b><br>Test class: demoTestNG.TestScenario5</td>
<td></td>
<td>0</td>
<td>demoTestNG.TestScenario5@5852c06f</td></tr>
<tr>
<td title='demoTestNG.TestScenario10.second_testcase()'><b>second_testcase</b><br>Test class: demoTestNG.TestScenario10</td>
<td></td>
<td>0</td>
<td>demoTestNG.TestScenario10@2eea88a1</td></tr>
<tr>
<td title='demoTestNG.TestScenario9.seventh_testcase()'><b>seventh_testcase</b><br>Test class: demoTestNG.TestScenario9</td>
<td></td>
<td>0</td>
<td>demoTestNG.TestScenario9@7fd7a283</td></tr>
<tr>
<td title='org.xyz.automation.proj.FetchDataRuntime.testmeth()'><b>testmeth</b><br>Test class: org.xyz.automation.proj.FetchDataRuntime</td>
<td></td>
<td>0</td>
<td>org.xyz.automation.proj.FetchDataRuntime@4b86805d</td></tr>
<tr>
<td title='demoTestNG.TestScenario9.forth_testcase()'><b>forth_testcase</b><br>Test class: demoTestNG.TestScenario9</td>
<td></td>
<td>0</td>
<td>demoTestNG.TestScenario9@7fd7a283</td></tr>
<tr>
<td title='demoTestNG.TestScenario4.first_testcase()'><b>first_testcase</b><br>Test class: demoTestNG.TestScenario4</td>
<td></td>
<td>0</td>
<td>demoTestNG.TestScenario4@4149c063</td></tr>
<tr>
<td title='demoTestNG.TestScenario3.third_testcase()'><b>third_testcase</b><br>Test class: demoTestNG.TestScenario3</td>
<td></td>
<td>0</td>
<td>demoTestNG.TestScenario3@54e041a4</td></tr>
<tr>
<td title='demoTestNG.TestScenario9.second_testcase()'><b>second_testcase</b><br>Test class: demoTestNG.TestScenario9</td>
<td></td>
<td>0</td>
<td>demoTestNG.TestScenario9@7fd7a283</td></tr>
<tr>
<td title='demoTestNG.TestScenario4.third_testcase()'><b>third_testcase</b><br>Test class: demoTestNG.TestScenario4</td>
<td></td>
<td>0</td>
<td>demoTestNG.TestScenario4@4149c063</td></tr>
<tr>
<td title='demoTestNG.TestScenario8.sixth_testcase()'><b>sixth_testcase</b><br>Test class: demoTestNG.TestScenario8</td>
<td></td>
<td>0</td>
<td>demoTestNG.TestScenario8@78fa769e</td></tr>
<tr>
<td title='demoTestNG.TestScenario2.seventh_testcase()'><b>seventh_testcase</b><br>Test class: demoTestNG.TestScenario2</td>
<td></td>
<td>0</td>
<td>demoTestNG.TestScenario2@2c78324b</td></tr>
<tr>
<td title='demoTestNG.TestScenario2.sixth_testcase()'><b>sixth_testcase</b><br>Test class: demoTestNG.TestScenario2</td>
<td></td>
<td>0</td>
<td>demoTestNG.TestScenario2@2c78324b</td></tr>
<tr>
<td title='demoTestNG.TestScenario8.first_testcase()'><b>first_testcase</b><br>Test class: demoTestNG.TestScenario8</td>
<td></td>
<td>0</td>
<td>demoTestNG.TestScenario8@78fa769e</td></tr>
<tr>
<td title='demoTestNG.TestScenario8.seventh_testcase()'><b>seventh_testcase</b><br>Test class: demoTestNG.TestScenario8</td>
<td></td>
<td>0</td>
<td>demoTestNG.TestScenario8@78fa769e</td></tr>
<tr>
<td title='demoTestNG.TestScenario7.fifth_testcase()'><b>fifth_testcase</b><br>Test class: demoTestNG.TestScenario7</td>
<td></td>
<td>0</td>
<td>demoTestNG.TestScenario7@79defdc</td></tr>
<tr>
<td title='demoTestNG.TestScenario7.sixth_testcase()'><b>sixth_testcase</b><br>Test class: demoTestNG.TestScenario7</td>
<td></td>
<td>0</td>
<td>demoTestNG.TestScenario7@79defdc</td></tr>
<tr>
<td title='demoTestNG.TestScenario8.second_testcase()'><b>second_testcase</b><br>Test class: demoTestNG.TestScenario8</td>
<td></td>
<td>0</td>
<td>demoTestNG.TestScenario8@78fa769e</td></tr>
<tr>
<td title='org.xyz.automation.proj.LoginScenario.validate_signup_functionality()'><b>validate_signup_functionality</b><br>Test class: org.xyz.automation.proj.LoginScenario</td>
<td></td>
<td>1</td>
<td>org.xyz.automation.proj.LoginScenario@15d49048</td></tr>
<tr>
<td title='demoTestNG.TestScenario4.sixth_testcase()'><b>sixth_testcase</b><br>Test class: demoTestNG.TestScenario4</td>
<td></td>
<td>0</td>
<td>demoTestNG.TestScenario4@4149c063</td></tr>
<tr>
<td title='demoTestNG.TestScenario3.forth_testcase()'><b>forth_testcase</b><br>Test class: demoTestNG.TestScenario3</td>
<td></td>
<td>0</td>
<td>demoTestNG.TestScenario3@54e041a4</td></tr>
<tr>
<td title='demoTestNG.TestScenario5.third_testcase()'><b>third_testcase</b><br>Test class: demoTestNG.TestScenario5</td>
<td></td>
<td>0</td>
<td>demoTestNG.TestScenario5@5852c06f</td></tr>
<tr>
<td title='demoTestNG.TestScenario10.sixth_testcase()'><b>sixth_testcase</b><br>Test class: demoTestNG.TestScenario10</td>
<td></td>
<td>0</td>
<td>demoTestNG.TestScenario10@2eea88a1</td></tr>
<tr>
<td title='demoTestNG.TestScenario8.third_testcase()'><b>third_testcase</b><br>Test class: demoTestNG.TestScenario8</td>
<td></td>
<td>0</td>
<td>demoTestNG.TestScenario8@78fa769e</td></tr>
<tr>
<td title='demoTestNG.TestScenario5.first_testcase()'><b>first_testcase</b><br>Test class: demoTestNG.TestScenario5</td>
<td></td>
<td>0</td>
<td>demoTestNG.TestScenario5@5852c06f</td></tr>
<tr>
<td title='demoTestNG.TestScenario5.fifth_testcase()'><b>fifth_testcase</b><br>Test class: demoTestNG.TestScenario5</td>
<td></td>
<td>0</td>
<td>demoTestNG.TestScenario5@5852c06f</td></tr>
<tr>
<td title='demoTestNG.TestScenario4.forth_testcase()'><b>forth_testcase</b><br>Test class: demoTestNG.TestScenario4</td>
<td></td>
<td>0</td>
<td>demoTestNG.TestScenario4@4149c063</td></tr>
<tr>
<td title='demoTestNG.TestScenario8.fifth_testcase()'><b>fifth_testcase</b><br>Test class: demoTestNG.TestScenario8</td>
<td></td>
<td>0</td>
<td>demoTestNG.TestScenario8@78fa769e</td></tr>
<tr>
<td title='demoTestNG.TestScenario9.sixth_testcase()'><b>sixth_testcase</b><br>Test class: demoTestNG.TestScenario9</td>
<td></td>
<td>0</td>
<td>demoTestNG.TestScenario9@7fd7a283</td></tr>
<tr>
<td title='demoTestNG.TestScenario3.first_testcase()'><b>first_testcase</b><br>Test class: demoTestNG.TestScenario3</td>
<td></td>
<td>0</td>
<td>demoTestNG.TestScenario3@54e041a4</td></tr>
<tr>
<td title='demoTestNG.TestScenario10.third_testcase()'><b>third_testcase</b><br>Test class: demoTestNG.TestScenario10</td>
<td></td>
<td>0</td>
<td>demoTestNG.TestScenario10@2eea88a1</td></tr>
<tr>
<td title='org.xyz.automation.proj.LoginScenario.validate_login_functionality()'><b>validate_login_functionality</b><br>Test class: org.xyz.automation.proj.LoginScenario</td>
<td></td>
<td>0</td>
<td>org.xyz.automation.proj.LoginScenario@15d49048</td></tr>
<tr>
<td title='demoTestNG.TestScenario7.forth_testcase()'><b>forth_testcase</b><br>Test class: demoTestNG.TestScenario7</td>
<td></td>
<td>0</td>
<td>demoTestNG.TestScenario7@79defdc</td></tr>
<tr>
<td title='demoTestNG.TestScenario5.second_testcase()'><b>second_testcase</b><br>Test class: demoTestNG.TestScenario5</td>
<td></td>
<td>0</td>
<td>demoTestNG.TestScenario5@5852c06f</td></tr>
<tr>
<td title='demoTestNG.TestScenario4.seventh_testcase()'><b>seventh_testcase</b><br>Test class: demoTestNG.TestScenario4</td>
<td></td>
<td>0</td>
<td>demoTestNG.TestScenario4@4149c063</td></tr>
<tr>
<td title='demoTestNG.TestScenario10.forth_testcase()'><b>forth_testcase</b><br>Test class: demoTestNG.TestScenario10</td>
<td></td>
<td>0</td>
<td>demoTestNG.TestScenario10@2eea88a1</td></tr>
<tr>
<td title='demoTestNG.TestScenario2.fifth_testcase()'><b>fifth_testcase</b><br>Test class: demoTestNG.TestScenario2</td>
<td></td>
<td>0</td>
<td>demoTestNG.TestScenario2@2c78324b</td></tr>
<tr>
<td title='demoTestNG.TestScenario6.fifth_testcase()'><b>fifth_testcase</b><br>Test class: demoTestNG.TestScenario6</td>
<td></td>
<td>0</td>
<td>demoTestNG.TestScenario6@238d68ff</td></tr>
<tr>
<td title='demoTestNG.TestScenario3.sixth_testcase()'><b>sixth_testcase</b><br>Test class: demoTestNG.TestScenario3</td>
<td></td>
<td>0</td>
<td>demoTestNG.TestScenario3@54e041a4</td></tr>
<tr>
<td title='demoTestNG.TestScenario3.fifth_testcase()'><b>fifth_testcase</b><br>Test class: demoTestNG.TestScenario3</td>
<td></td>
<td>0</td>
<td>demoTestNG.TestScenario3@54e041a4</td></tr>
<tr>
<td title='demoTestNG.TestScenario6.sixth_testcase()'><b>sixth_testcase</b><br>Test class: demoTestNG.TestScenario6</td>
<td></td>
<td>0</td>
<td>demoTestNG.TestScenario6@238d68ff</td></tr>
<tr>
<td title='demoTestNG.TestScenario.forth_testcase()'><b>forth_testcase</b><br>Test class: demoTestNG.TestScenario</td>
<td></td>
<td>0</td>
<td>demoTestNG.TestScenario@9816741</td></tr>
<tr>
<td title='demoTestNG.TestScenario.sixth_testcase()'><b>sixth_testcase</b><br>Test class: demoTestNG.TestScenario</td>
<td></td>
<td>0</td>
<td>demoTestNG.TestScenario@9816741</td></tr>
<tr>
<td title='demoTestNG.TestScenario7.first_testcase()'><b>first_testcase</b><br>Test class: demoTestNG.TestScenario7</td>
<td></td>
<td>0</td>
<td>demoTestNG.TestScenario7@79defdc</td></tr>
<tr>
<td title='demoTestNG.TestScenario7.second_testcase()'><b>second_testcase</b><br>Test class: demoTestNG.TestScenario7</td>
<td></td>
<td>0</td>
<td>demoTestNG.TestScenario7@79defdc</td></tr>
<tr>
<td title='demoTestNG.TestScenario7.third_testcase()'><b>third_testcase</b><br>Test class: demoTestNG.TestScenario7</td>
<td></td>
<td>0</td>
<td>demoTestNG.TestScenario7@79defdc</td></tr>
<tr>
<td title='demoTestNG.TestScenario.third_testcase()'><b>third_testcase</b><br>Test class: demoTestNG.TestScenario</td>
<td></td>
<td>0</td>
<td>demoTestNG.TestScenario@9816741</td></tr>
<tr>
<td title='demoTestNG.TestScenario9.fifth_testcase()'><b>fifth_testcase</b><br>Test class: demoTestNG.TestScenario9</td>
<td></td>
<td>0</td>
<td>demoTestNG.TestScenario9@7fd7a283</td></tr>
<tr>
<td title='demoTestNG.TestScenario10.fifth_testcase()'><b>fifth_testcase</b><br>Test class: demoTestNG.TestScenario10</td>
<td></td>
<td>0</td>
<td>demoTestNG.TestScenario10@2eea88a1</td></tr>
<tr>
<td title='demoTestNG.TestScenario3.seventh_testcase()'><b>seventh_testcase</b><br>Test class: demoTestNG.TestScenario3</td>
<td></td>
<td>0</td>
<td>demoTestNG.TestScenario3@54e041a4</td></tr>
<tr>
<td title='demoTestNG.TestScenario7.seventh_testcase()'><b>seventh_testcase</b><br>Test class: demoTestNG.TestScenario7</td>
<td></td>
<td>0</td>
<td>demoTestNG.TestScenario7@79defdc</td></tr>
<tr>
<td title='demoTestNG.TestScenario5.sixth_testcase()'><b>sixth_testcase</b><br>Test class: demoTestNG.TestScenario5</td>
<td></td>
<td>0</td>
<td>demoTestNG.TestScenario5@5852c06f</td></tr>
<tr>
<td title='demoTestNG.TestScenario4.fifth_testcase()'><b>fifth_testcase</b><br>Test class: demoTestNG.TestScenario4</td>
<td></td>
<td>0</td>
<td>demoTestNG.TestScenario4@4149c063</td></tr>
<tr>
<td title='demoTestNG.TestScenario10.seventh_testcase()'><b>seventh_testcase</b><br>Test class: demoTestNG.TestScenario10</td>
<td></td>
<td>0</td>
<td>demoTestNG.TestScenario10@2eea88a1</td></tr>
<tr>
<td title='org.xyz.automation.proj.DifferentControl.differentwebcontrol()'><b>differentwebcontrol</b><br>Test class: org.xyz.automation.proj.DifferentControl</td>
<td></td>
<td>8</td>
<td>org.xyz.automation.proj.DifferentControl@7ac296f6</td></tr>
<tr>
<td title='org.xyz.automation.proj.HandleKBMS_Wins.handleFrames()'><b>handleFrames</b><br>Test class: org.xyz.automation.proj.HandleKBMS_Wins</td>
<td></td>
<td>19</td>
<td>org.xyz.automation.proj.HandleKBMS_Wins@22f59fa</td></tr>
<tr>
<td title='demoTestNG.TestScenario.fifth_testcase()'><b>fifth_testcase</b><br>Test class: demoTestNG.TestScenario</td>
<td></td>
<td>0</td>
<td>demoTestNG.TestScenario@9816741</td></tr>
<tr>
<td title='demoTestNG.TestScenario2.forth_testcase()'><b>forth_testcase</b><br>Test class: demoTestNG.TestScenario2</td>
<td></td>
<td>0</td>
<td>demoTestNG.TestScenario2@2c78324b</td></tr>
<tr>
<td title='demoTestNG.TestScenario2.first_testcase()'><b>first_testcase</b><br>Test class: demoTestNG.TestScenario2</td>
<td></td>
<td>0</td>
<td>demoTestNG.TestScenario2@2c78324b</td></tr>
<tr>
<td title='demoTestNG.TestScenario6.second_testcase()'><b>second_testcase</b><br>Test class: demoTestNG.TestScenario6</td>
<td></td>
<td>0</td>
<td>demoTestNG.TestScenario6@238d68ff</td></tr>
<tr>
<td title='org.xyz.automation.proj.BrowserHandling.launchBrowser()'><b>launchBrowser</b><br>Test class: org.xyz.automation.proj.BrowserHandling</td>
<td></td>
<td>21</td>
<td>org.xyz.automation.proj.BrowserHandling@16612a51</td></tr>
<tr>
<td title='demoTestNG.TestScenario6.first_testcase()'><b>first_testcase</b><br>Test class: demoTestNG.TestScenario6</td>
<td></td>
<td>0</td>
<td>demoTestNG.TestScenario6@238d68ff</td></tr>
</table><p>
<table width='100%' border='1' class='invocation-skipped'>
<tr><td colspan='4' align='center'><b>SKIPPED TESTS</b></td></tr>
<tr><td><b>Test method</b></td>
<td><b>Attribute(s)</b></td>
<td width="30%"><b>Exception</b></td>
<td width="10%"><b>Time (seconds)</b></td>
<td><b>Instance</b></td>
</tr>
<tr>
<td title='demoTestNG.TestScenario6.forth_testcase()'><b>forth_testcase</b><br>Test class: demoTestNG.TestScenario6</td>
<td><div><pre>java.lang.Throwable: Method demoTestNG.TestScenario6.forth_testcase() on instance demoTestNG.TestScenario6@238d68ff depends on not successfully finished methods 
[demoTestNG.TestScenario6.third_testcase() on instance demoTestNG.TestScenario6@238d68ff]
	at java.base/java.util.ArrayList.forEach(ArrayList.java:1511)
... Removed 18 stack frames</pre></div><a href='#' onClick='toggleBox("stack-trace2075093711", this, "Click to show all stack frames", "Click to hide stack frames")'>Click to show all stack frames</a>
<div class='stack-trace' id='stack-trace2075093711'><pre>java.lang.Throwable: Method demoTestNG.TestScenario6.forth_testcase() on instance demoTestNG.TestScenario6@238d68ff depends on not successfully finished methods 
[demoTestNG.TestScenario6.third_testcase() on instance demoTestNG.TestScenario6@238d68ff]
	at org.testng.internal.invokers.TestInvoker.invokeTestMethods(TestInvoker.java:159)
	at org.testng.internal.invokers.TestMethodWorker.invokeTestMethods(TestMethodWorker.java:154)
	at org.testng.internal.invokers.TestMethodWorker.run(TestMethodWorker.java:134)
	at java.base/java.util.ArrayList.forEach(ArrayList.java:1511)
	at org.testng.TestRunner.privateRun(TestRunner.java:739)
	at org.testng.TestRunner.run(TestRunner.java:614)
	at org.testng.SuiteRunner.runTest(SuiteRunner.java:421)
	at org.testng.SuiteRunner.runSequentially(SuiteRunner.java:413)
	at org.testng.SuiteRunner.privateRun(SuiteRunner.java:373)
	at org.testng.SuiteRunner.run(SuiteRunner.java:312)
	at org.testng.SuiteRunnerWorker.runSuite(SuiteRunnerWorker.java:52)
	at org.testng.SuiteRunnerWorker.run(SuiteRunnerWorker.java:95)
	at org.testng.TestNG.runSuitesSequentially(TestNG.java:1274)
	at org.testng.TestNG.runSuitesLocally(TestNG.java:1208)
	at org.testng.TestNG.runSuites(TestNG.java:1112)
	at org.testng.TestNG.run(TestNG.java:1079)
	at org.testng.remote.AbstractRemoteTestNG.run(AbstractRemoteTestNG.java:115)
	at org.testng.remote.RemoteTestNG.initAndRun(RemoteTestNG.java:293)
	at org.testng.remote.RemoteTestNG.main(RemoteTestNG.java:91)
</pre></div></td>
<td>0</td>
<td>demoTestNG.TestScenario6@238d68ff</td></tr>
</table><p>
</body>
</html>